[I 2025-01-08 16:15:45,368] Trial 191 finished with value: 0.5778659611992946 and parameters: {'C': 0.30147887204637674, 'penalty': 'l1'}. Best is trial 94 with value: 0.6346560846560847.
/home/tom/miniconda3/envs/nnUNets/lib/python3.11/site-packages/sklearn/metrics/_classification.py:1509: UndefinedMetricWarning: Precision is ill-defined and being set to 0.0 due to no predicted samples. Use `zero_division` parameter to control this behavior.
  _warn_prf(average, modifier, f"{metric.capitalize()} is", len(result))
[I 2025-01-08 16:15:45,372] Trial 192 finished with value: 0.25 and parameters: {'C': 3.640499440139967e-05, 'penalty': 'l1'}. Best is trial 94 with value: 0.6346560846560847.
[I 2025-01-08 16:15:45,515] Trial 193 finished with value: 0.63342151675485 and parameters: {'C': 0.21049849106837432, 'penalty': 'l1'}. Best is trial 94 with value: 0.6346560846560847.
[I 2025-01-08 16:15:45,525] Trial 195 finished with value: 0.5751675485008818 and parameters: {'C': 0.14775701204018493, 'penalty': 'l1'}. Best is trial 94 with value: 0.6346560846560847.
[I 2025-01-08 16:15:45,525] Trial 194 finished with value: 0.5795600111389585 and parameters: {'C': 0.14185107864469945, 'penalty': 'l1'}. Best is trial 94 with value: 0.6346560846560847.
[I 2025-01-08 16:15:45,584] Trial 196 finished with value: 0.5795600111389585 and parameters: {'C': 0.14188824921732862, 'penalty': 'l1'}. Best is trial 94 with value: 0.6346560846560847.
[I 2025-01-08 16:15:45,599] Trial 199 finished with value: 0.574779541446208 and parameters: {'C': 0.15770120967224968, 'penalty': 'l1'}. Best is trial 94 with value: 0.6346560846560847.
[I 2025-01-08 16:15:45,607] Trial 198 finished with value: 0.5735449735449735 and parameters: {'C': 0.1504036672008934, 'penalty': 'l1'}. Best is trial 94 with value: 0.6346560846560847.
[I 2025-01-08 16:15:45,612] Trial 197 finished with value: 0.5739329805996471 and parameters: {'C': 0.1445690724293151, 'penalty': 'l1'}. Best is trial 94 with value: 0.6346560846560847.
[I 2025-01-08 16:15:45,612] A new study created in memory with name: RandomForest optimisation for P-LOS with CHAR data.
[I 2025-01-08 16:15:48,014] Trial 3 finished with value: 0.5325194123233339 and parameters: {'n_estimators': 57, 'max_depth': 22, 'min_samples_split': 11}. Best is trial 3 with value: 0.5325194123233339.
[I 2025-01-08 16:15:50,383] Trial 6 finished with value: 0.5761905941616087 and parameters: {'n_estimators': 137, 'max_depth': 18, 'min_samples_split': 5}. Best is trial 6 with value: 0.5761905941616087.
[I 2025-01-08 16:15:50,440] Trial 2 finished with value: 0.5675417175417176 and parameters: {'n_estimators': 135, 'max_depth': 22, 'min_samples_split': 15}. Best is trial 6 with value: 0.5761905941616087.
[I 2025-01-08 16:15:50,495] Trial 1 finished with value: 0.5567715585259445 and parameters: {'n_estimators': 133, 'max_depth': 20, 'min_samples_split': 14}. Best is trial 6 with value: 0.5761905941616087.
[I 2025-01-08 16:15:50,639] Trial 4 finished with value: 0.5814987481654148 and parameters: {'n_estimators': 141, 'max_depth': 20, 'min_samples_split': 13}. Best is trial 4 with value: 0.5814987481654148.
[I 2025-01-08 16:15:53,020] Trial 12 finished with value: 0.5870416782697484 and parameters: {'n_estimators': 57, 'max_depth': 5, 'min_samples_split': 11}. Best is trial 12 with value: 0.5870416782697484.
[I 2025-01-08 16:15:53,898] Trial 0 finished with value: 0.5556526987899537 and parameters: {'n_estimators': 273, 'max_depth': 30, 'min_samples_split': 5}. Best is trial 12 with value: 0.5870416782697484.
[I 2025-01-08 16:15:54,037] Trial 10 finished with value: 0.5578066378066378 and parameters: {'n_estimators': 100, 'max_depth': 29, 'min_samples_split': 8}. Best is trial 12 with value: 0.5870416782697484.
[I 2025-01-08 16:15:54,771] Trial 5 finished with value: 0.569716216971119 and parameters: {'n_estimators': 295, 'max_depth': 15, 'min_samples_split': 12}. Best is trial 12 with value: 0.5870416782697484.
[I 2025-01-08 16:15:54,870] Trial 14 finished with value: 0.5052407112056235 and parameters: {'n_estimators': 15, 'max_depth': 2, 'min_samples_split': 11}. Best is trial 12 with value: 0.5870416782697484.
[I 2025-01-08 16:15:55,088] Trial 7 finished with value: 0.5597112274861635 and parameters: {'n_estimators': 275, 'max_depth': 13, 'min_samples_split': 7}. Best is trial 12 with value: 0.5870416782697484.
[I 2025-01-08 16:15:55,609] Trial 13 finished with value: 0.6033050309861904 and parameters: {'n_estimators': 69, 'max_depth': 20, 'min_samples_split': 3}. Best is trial 13 with value: 0.6033050309861904.
[I 2025-01-08 16:15:56,876] Trial 15 finished with value: 0.5648324514991181 and parameters: {'n_estimators': 63, 'max_depth': 22, 'min_samples_split': 15}. Best is trial 13 with value: 0.6033050309861904.
[I 2025-01-08 16:15:57,686] Trial 9 finished with value: 0.545965349102604 and parameters: {'n_estimators': 210, 'max_depth': 21, 'min_samples_split': 9}. Best is trial 13 with value: 0.6033050309861904.
[I 2025-01-08 16:15:58,679] Trial 8 finished with value: 0.5646748007945118 and parameters: {'n_estimators': 293, 'max_depth': 4, 'min_samples_split': 6}. Best is trial 13 with value: 0.6033050309861904.
[I 2025-01-08 16:15:58,938] Trial 21 finished with value: 0.5293908382066277 and parameters: {'n_estimators': 16, 'max_depth': 8, 'min_samples_split': 2}. Best is trial 13 with value: 0.6033050309861904.
[I 2025-01-08 16:16:00,328] Trial 11 finished with value: 0.5631594300051248 and parameters: {'n_estimators': 276, 'max_depth': 9, 'min_samples_split': 5}. Best is trial 13 with value: 0.6033050309861904.
[I 2025-01-08 16:16:01,740] Trial 23 finished with value: 0.5189528316623708 and parameters: {'n_estimators': 74, 'max_depth': 10, 'min_samples_split': 2}. Best is trial 13 with value: 0.6033050309861904.
[I 2025-01-08 16:16:02,278] Trial 18 finished with value: 0.5320117845117844 and parameters: {'n_estimators': 201, 'max_depth': 6, 'min_samples_split': 2}. Best is trial 13 with value: 0.6033050309861904.
[I 2025-01-08 16:16:02,824] Trial 17 finished with value: 0.5822975862191548 and parameters: {'n_estimators': 217, 'max_depth': 6, 'min_samples_split': 16}. Best is trial 13 with value: 0.6033050309861904.
[I 2025-01-08 16:16:02,900] Trial 19 finished with value: 0.614455495563765 and parameters: {'n_estimators': 205, 'max_depth': 7, 'min_samples_split': 2}. Best is trial 19 with value: 0.614455495563765.
[I 2025-01-08 16:16:03,547] Trial 16 finished with value: 0.5787529826745512 and parameters: {'n_estimators': 228, 'max_depth': 2, 'min_samples_split': 8}. Best is trial 19 with value: 0.614455495563765.
[I 2025-01-08 16:16:03,610] Trial 20 finished with value: 0.6090765662142474 and parameters: {'n_estimators': 198, 'max_depth': 7, 'min_samples_split': 4}. Best is trial 19 with value: 0.614455495563765.
[I 2025-01-08 16:16:05,251] Trial 22 finished with value: 0.5822760754133303 and parameters: {'n_estimators': 195, 'max_depth': 10, 'min_samples_split': 2}. Best is trial 19 with value: 0.614455495563765.
[I 2025-01-08 16:16:05,386] Trial 25 finished with value: 0.5428483553483554 and parameters: {'n_estimators': 99, 'max_depth': 26, 'min_samples_split': 10}. Best is trial 19 with value: 0.614455495563765.
[I 2025-01-08 16:16:05,850] Trial 26 finished with value: 0.567665544332211 and parameters: {'n_estimators': 101, 'max_depth': 27, 'min_samples_split': 10}. Best is trial 19 with value: 0.614455495563765.
[I 2025-01-08 16:16:06,535] Trial 24 finished with value: 0.5878483665170973 and parameters: {'n_estimators': 186, 'max_depth': 27, 'min_samples_split': 2}. Best is trial 19 with value: 0.614455495563765.
[I 2025-01-08 16:16:08,639] Trial 28 finished with value: 0.5753083631344501 and parameters: {'n_estimators': 173, 'max_depth': 11, 'min_samples_split': 4}. Best is trial 19 with value: 0.614455495563765.
[I 2025-01-08 16:16:09,301] Trial 27 finished with value: 0.5623317553142114 and parameters: {'n_estimators': 189, 'max_depth': 12, 'min_samples_split': 4}. Best is trial 19 with value: 0.614455495563765.
[I 2025-01-08 16:16:09,791] Trial 29 finished with value: 0.5613403880070547 and parameters: {'n_estimators': 177, 'max_depth': 12, 'min_samples_split': 4}. Best is trial 19 with value: 0.614455495563765.
[I 2025-01-08 16:16:09,927] Trial 30 finished with value: 0.5878800212133546 and parameters: {'n_estimators': 184, 'max_depth': 25, 'min_samples_split': 4}. Best is trial 19 with value: 0.614455495563765.
[I 2025-01-08 16:16:11,485] Trial 31 finished with value: 0.5937539134030363 and parameters: {'n_estimators': 176, 'max_depth': 13, 'min_samples_split': 4}. Best is trial 19 with value: 0.614455495563765.
[I 2025-01-08 16:16:11,736] Trial 32 finished with value: 0.567579365079365 and parameters: {'n_estimators': 174, 'max_depth': 14, 'min_samples_split': 4}. Best is trial 19 with value: 0.614455495563765.
[I 2025-01-08 16:16:11,805] Trial 33 finished with value: 0.5539966663841569 and parameters: {'n_estimators': 184, 'max_depth': 14, 'min_samples_split': 4}. Best is trial 19 with value: 0.614455495563765.
[I 2025-01-08 16:16:14,666] Trial 34 finished with value: 0.5217491441020852 and parameters: {'n_estimators': 246, 'max_depth': 13, 'min_samples_split': 4}. Best is trial 19 with value: 0.614455495563765.
[I 2025-01-08 16:16:16,789] Trial 35 finished with value: 0.5885553952220619 and parameters: {'n_estimators': 238, 'max_depth': 15, 'min_samples_split': 4}. Best is trial 19 with value: 0.614455495563765.
[I 2025-01-08 16:16:17,657] Trial 37 finished with value: 0.565617055420977 and parameters: {'n_estimators': 231, 'max_depth': 32, 'min_samples_split': 3}. Best is trial 19 with value: 0.614455495563765.
[I 2025-01-08 16:16:17,743] Trial 36 finished with value: 0.5877035916493897 and parameters: {'n_estimators': 246, 'max_depth': 16, 'min_samples_split': 4}. Best is trial 19 with value: 0.614455495563765.
[I 2025-01-08 16:16:18,531] Trial 38 finished with value: 0.5863375821709156 and parameters: {'n_estimators': 241, 'max_depth': 24, 'min_samples_split': 3}. Best is trial 19 with value: 0.614455495563765.
[I 2025-01-08 16:16:19,430] Trial 40 finished with value: 0.5487586487586488 and parameters: {'n_estimators': 228, 'max_depth': 16, 'min_samples_split': 3}. Best is trial 19 with value: 0.614455495563765.
[I 2025-01-08 16:16:19,571] Trial 41 finished with value: 0.582318558634348 and parameters: {'n_estimators': 244, 'max_depth': 17, 'min_samples_split': 3}. Best is trial 19 with value: 0.614455495563765.
[I 2025-01-08 16:16:19,746] Trial 39 finished with value: 0.5578660455853438 and parameters: {'n_estimators': 241, 'max_depth': 17, 'min_samples_split': 3}. Best is trial 19 with value: 0.614455495563765.
[I 2025-01-08 16:16:19,846] Trial 42 finished with value: 0.5844513457556935 and parameters: {'n_estimators': 153, 'max_depth': 16, 'min_samples_split': 3}. Best is trial 19 with value: 0.614455495563765.
[I 2025-01-08 16:16:22,306] Trial 43 finished with value: 0.5697814042230069 and parameters: {'n_estimators': 159, 'max_depth': 18, 'min_samples_split': 3}. Best is trial 19 with value: 0.614455495563765.
[I 2025-01-08 16:16:22,978] Trial 45 finished with value: 0.5623964099196297 and parameters: {'n_estimators': 153, 'max_depth': 18, 'min_samples_split': 3}. Best is trial 19 with value: 0.614455495563765.
[I 2025-01-08 16:16:23,099] Trial 44 finished with value: 0.6082716049382716 and parameters: {'n_estimators': 154, 'max_depth': 18, 'min_samples_split': 6}. Best is trial 19 with value: 0.614455495563765.
[I 2025-01-08 16:16:23,732] Trial 46 finished with value: 0.537818133218591 and parameters: {'n_estimators': 150, 'max_depth': 18, 'min_samples_split': 6}. Best is trial 19 with value: 0.614455495563765.
[I 2025-01-08 16:16:24,855] Trial 49 finished with value: 0.587185031822713 and parameters: {'n_estimators': 151, 'max_depth': 20, 'min_samples_split': 6}. Best is trial 19 with value: 0.614455495563765.
[I 2025-01-08 16:16:24,895] Trial 47 finished with value: 0.5898427192957637 and parameters: {'n_estimators': 156, 'max_depth': 19, 'min_samples_split': 6}. Best is trial 19 with value: 0.614455495563765.
[I 2025-01-08 16:16:24,968] Trial 48 finished with value: 0.5796107014718761 and parameters: {'n_estimators': 158, 'max_depth': 19, 'min_samples_split': 6}. Best is trial 19 with value: 0.614455495563765.
[I 2025-01-08 16:16:25,418] Trial 50 finished with value: 0.5731983743577946 and parameters: {'n_estimators': 159, 'max_depth': 8, 'min_samples_split': 6}. Best is trial 19 with value: 0.614455495563765.
[I 2025-01-08 16:16:27,363] Trial 53 finished with value: 0.5646357476182038 and parameters: {'n_estimators': 120, 'max_depth': 20, 'min_samples_split': 6}. Best is trial 19 with value: 0.614455495563765.
[I 2025-01-08 16:16:27,455] Trial 52 finished with value: 0.5416446208112875 and parameters: {'n_estimators': 130, 'max_depth': 20, 'min_samples_split': 6}. Best is trial 19 with value: 0.614455495563765.
[I 2025-01-08 16:16:28,246] Trial 54 finished with value: 0.5694356261022927 and parameters: {'n_estimators': 121, 'max_depth': 20, 'min_samples_split': 6}. Best is trial 19 with value: 0.614455495563765.
[I 2025-01-08 16:16:29,244] Trial 51 finished with value: 0.5455203665729982 and parameters: {'n_estimators': 207, 'max_depth': 7, 'min_samples_split': 6}. Best is trial 19 with value: 0.614455495563765.
[I 2025-01-08 16:16:29,247] Trial 55 finished with value: 0.566250533374866 and parameters: {'n_estimators': 127, 'max_depth': 7, 'min_samples_split': 5}. Best is trial 19 with value: 0.614455495563765.
[I 2025-01-08 16:16:29,298] Trial 57 finished with value: 0.5642561745822615 and parameters: {'n_estimators': 127, 'max_depth': 7, 'min_samples_split': 5}. Best is trial 19 with value: 0.614455495563765.
[I 2025-01-08 16:16:29,406] Trial 56 finished with value: 0.5720323685029567 and parameters: {'n_estimators': 124, 'max_depth': 8, 'min_samples_split': 5}. Best is trial 19 with value: 0.614455495563765.
[I 2025-01-08 16:16:29,582] Trial 58 finished with value: 0.5878348376387592 and parameters: {'n_estimators': 118, 'max_depth': 21, 'min_samples_split': 5}. Best is trial 19 with value: 0.614455495563765.
[I 2025-01-08 16:16:30,645] Trial 63 finished with value: 0.5535670194003528 and parameters: {'n_estimators': 27, 'max_depth': 23, 'min_samples_split': 7}. Best is trial 19 with value: 0.614455495563765.
[I 2025-01-08 16:16:30,856] Trial 66 finished with value: 0.597923021060276 and parameters: {'n_estimators': 27, 'max_depth': 4, 'min_samples_split': 7}. Best is trial 19 with value: 0.614455495563765.
[I 2025-01-08 16:16:32,801] Trial 68 finished with value: 0.5522348520728743 and parameters: {'n_estimators': 41, 'max_depth': 4, 'min_samples_split': 7}. Best is trial 19 with value: 0.614455495563765.
[I 2025-01-08 16:16:33,830] Trial 67 finished with value: 0.5919826723748293 and parameters: {'n_estimators': 77, 'max_depth': 4, 'min_samples_split': 7}. Best is trial 19 with value: 0.614455495563765.
[I 2025-01-08 16:16:34,097] Trial 59 finished with value: 0.5755592685417247 and parameters: {'n_estimators': 204, 'max_depth': 23, 'min_samples_split': 5}. Best is trial 19 with value: 0.614455495563765.
[I 2025-01-08 16:16:34,150] Trial 60 finished with value: 0.5544970688830337 and parameters: {'n_estimators': 202, 'max_depth': 22, 'min_samples_split': 5}. Best is trial 19 with value: 0.614455495563765.
[I 2025-01-08 16:16:35,126] Trial 61 finished with value: 0.5521480988147656 and parameters: {'n_estimators': 206, 'max_depth': 23, 'min_samples_split': 5}. Best is trial 19 with value: 0.614455495563765.
[I 2025-01-08 16:16:35,976] Trial 64 finished with value: 0.5781428142625253 and parameters: {'n_estimators': 212, 'max_depth': 23, 'min_samples_split': 7}. Best is trial 19 with value: 0.614455495563765.
[I 2025-01-08 16:16:36,029] Trial 69 finished with value: 0.5628320266478161 and parameters: {'n_estimators': 79, 'max_depth': 3, 'min_samples_split': 8}. Best is trial 19 with value: 0.614455495563765.
[I 2025-01-08 16:16:36,358] Trial 72 finished with value: 0.6186477232968461 and parameters: {'n_estimators': 60, 'max_depth': 4, 'min_samples_split': 8}. Best is trial 72 with value: 0.6186477232968461.
[I 2025-01-08 16:16:36,452] Trial 62 finished with value: 0.5721243019488633 and parameters: {'n_estimators': 214, 'max_depth': 4, 'min_samples_split': 7}. Best is trial 72 with value: 0.6186477232968461.
[I 2025-01-08 16:16:36,977] Trial 70 finished with value: 0.5841301907968575 and parameters: {'n_estimators': 83, 'max_depth': 3, 'min_samples_split': 8}. Best is trial 72 with value: 0.6186477232968461.
[I 2025-01-08 16:16:37,008] Trial 71 finished with value: 0.5859461461215847 and parameters: {'n_estimators': 80, 'max_depth': 3, 'min_samples_split': 8}. Best is trial 72 with value: 0.6186477232968461.
[I 2025-01-08 16:16:37,802] Trial 75 finished with value: 0.5930564180306183 and parameters: {'n_estimators': 42, 'max_depth': 5, 'min_samples_split': 9}. Best is trial 72 with value: 0.6186477232968461.
[I 2025-01-08 16:16:37,886] Trial 74 finished with value: 0.5356586918181121 and parameters: {'n_estimators': 51, 'max_depth': 5, 'min_samples_split': 9}. Best is trial 72 with value: 0.6186477232968461.
[I 2025-01-08 16:16:37,888] Trial 73 finished with value: 0.5790941230156916 and parameters: {'n_estimators': 72, 'max_depth': 3, 'min_samples_split': 9}. Best is trial 72 with value: 0.6186477232968461.
[I 2025-01-08 16:16:37,986] Trial 76 finished with value: 0.5940555091432285 and parameters: {'n_estimators': 42, 'max_depth': 6, 'min_samples_split': 9}. Best is trial 72 with value: 0.6186477232968461.
[I 2025-01-08 16:16:38,063] Trial 65 finished with value: 0.555481707834649 and parameters: {'n_estimators': 262, 'max_depth': 23, 'min_samples_split': 7}. Best is trial 72 with value: 0.6186477232968461.
[I 2025-01-08 16:16:38,363] Trial 77 finished with value: 0.5865714608582648 and parameters: {'n_estimators': 49, 'max_depth': 5, 'min_samples_split': 9}. Best is trial 72 with value: 0.6186477232968461.
[I 2025-01-08 16:16:38,961] Trial 78 finished with value: 0.531044714181969 and parameters: {'n_estimators': 51, 'max_depth': 5, 'min_samples_split': 9}. Best is trial 72 with value: 0.6186477232968461.
[I 2025-01-08 16:16:39,004] Trial 80 finished with value: 0.6268658574540927 and parameters: {'n_estimators': 20, 'max_depth': 10, 'min_samples_split': 10}. Best is trial 80 with value: 0.6268658574540927.
[I 2025-01-08 16:16:39,036] Trial 82 finished with value: 0.5480873577364807 and parameters: {'n_estimators': 23, 'max_depth': 10, 'min_samples_split': 10}. Best is trial 80 with value: 0.6268658574540927.
[I 2025-01-08 16:16:39,089] Trial 81 finished with value: 0.5676719576719577 and parameters: {'n_estimators': 26, 'max_depth': 9, 'min_samples_split': 10}. Best is trial 80 with value: 0.6268658574540927.
[I 2025-01-08 16:16:39,311] Trial 79 finished with value: 0.5313319981776929 and parameters: {'n_estimators': 64, 'max_depth': 5, 'min_samples_split': 10}. Best is trial 80 with value: 0.6268658574540927.
[I 2025-01-08 16:16:39,383] Trial 83 finished with value: 0.5330957866045585 and parameters: {'n_estimators': 33, 'max_depth': 10, 'min_samples_split': 10}. Best is trial 80 with value: 0.6268658574540927.
[I 2025-01-08 16:16:39,507] Trial 84 finished with value: 0.580834219386851 and parameters: {'n_estimators': 31, 'max_depth': 9, 'min_samples_split': 10}. Best is trial 80 with value: 0.6268658574540927.
[I 2025-01-08 16:16:39,510] Trial 85 finished with value: 0.5788756613756614 and parameters: {'n_estimators': 23, 'max_depth': 10, 'min_samples_split': 2}. Best is trial 80 with value: 0.6268658574540927.
[I 2025-01-08 16:16:39,820] Trial 89 finished with value: 0.48486796666621224 and parameters: {'n_estimators': 12, 'max_depth': 6, 'min_samples_split': 12}. Best is trial 80 with value: 0.6268658574540927.
[I 2025-01-08 16:16:40,225] Trial 90 finished with value: 0.5047089947089947 and parameters: {'n_estimators': 11, 'max_depth': 6, 'min_samples_split': 12}. Best is trial 80 with value: 0.6268658574540927.
[I 2025-01-08 16:16:40,403] Trial 91 finished with value: 0.5445561700463661 and parameters: {'n_estimators': 15, 'max_depth': 6, 'min_samples_split': 11}. Best is trial 80 with value: 0.6268658574540927.
[I 2025-01-08 16:16:40,443] Trial 86 finished with value: 0.6093809775274306 and parameters: {'n_estimators': 35, 'max_depth': 6, 'min_samples_split': 11}. Best is trial 80 with value: 0.6268658574540927.
[I 2025-01-08 16:16:40,494] Trial 88 finished with value: 0.5454718121384787 and parameters: {'n_estimators': 35, 'max_depth': 6, 'min_samples_split': 12}. Best is trial 80 with value: 0.6268658574540927.
[I 2025-01-08 16:16:41,447] Trial 87 finished with value: 0.5517683096630466 and parameters: {'n_estimators': 63, 'max_depth': 6, 'min_samples_split': 2}. Best is trial 80 with value: 0.6268658574540927.
[I 2025-01-08 16:16:43,044] Trial 97 finished with value: 0.6353034421145877 and parameters: {'n_estimators': 61, 'max_depth': 11, 'min_samples_split': 11}. Best is trial 97 with value: 0.6353034421145877.
[I 2025-01-08 16:16:43,544] Trial 94 finished with value: 0.6047759647759647 and parameters: {'n_estimators': 91, 'max_depth': 2, 'min_samples_split': 11}. Best is trial 97 with value: 0.6353034421145877.
[I 2025-01-08 16:16:44,929] Trial 100 finished with value: 0.5922292768959436 and parameters: {'n_estimators': 38, 'max_depth': 2, 'min_samples_split': 11}. Best is trial 97 with value: 0.6353034421145877.
[I 2025-01-08 16:16:45,928] Trial 92 finished with value: 0.5649194088409775 and parameters: {'n_estimators': 194, 'max_depth': 6, 'min_samples_split': 13}. Best is trial 97 with value: 0.6353034421145877.
[I 2025-01-08 16:16:45,987] Trial 96 finished with value: 0.5456196889530223 and parameters: {'n_estimators': 168, 'max_depth': 11, 'min_samples_split': 11}. Best is trial 97 with value: 0.6353034421145877.
