[I 2025-01-08 16:15:40,724] Trial 65 finished with value: 0.47211225527587086 and parameters: {'C': 2.713405011505653, 'penalty': 'l1'}. Best is trial 36 with value: 0.6262976464730852.
/home/tom/miniconda3/envs/nnUNets/lib/python3.11/site-packages/sklearn/metrics/_classification.py:1509: UndefinedMetricWarning: Precision is ill-defined and being set to 0.0 due to no predicted samples. Use `zero_division` parameter to control this behavior.
  _warn_prf(average, modifier, f"{metric.capitalize()} is", len(result))
/home/tom/miniconda3/envs/nnUNets/lib/python3.11/site-packages/sklearn/metrics/_classification.py:1509: UndefinedMetricWarning: Precision is ill-defined and being set to 0.0 due to no predicted samples. Use `zero_division` parameter to control this behavior.
  _warn_prf(average, modifier, f"{metric.capitalize()} is", len(result))
/home/tom/miniconda3/envs/nnUNets/lib/python3.11/site-packages/sklearn/metrics/_classification.py:1509: UndefinedMetricWarning: Precision is ill-defined and being set to 0.0 due to no predicted samples. Use `zero_division` parameter to control this behavior.
  _warn_prf(average, modifier, f"{metric.capitalize()} is", len(result))
/home/tom/miniconda3/envs/nnUNets/lib/python3.11/site-packages/sklearn/metrics/_classification.py:1509: UndefinedMetricWarning: Precision is ill-defined and being set to 0.0 due to no predicted samples. Use `zero_division` parameter to control this behavior.
  _warn_prf(average, modifier, f"{metric.capitalize()} is", len(result))
/home/tom/miniconda3/envs/nnUNets/lib/python3.11/site-packages/sklearn/metrics/_classification.py:1509: UndefinedMetricWarning: Precision is ill-defined and being set to 0.0 due to no predicted samples. Use `zero_division` parameter to control this behavior.
  _warn_prf(average, modifier, f"{metric.capitalize()} is", len(result))
/home/tom/miniconda3/envs/nnUNets/lib/python3.11/site-packages/sklearn/metrics/_classification.py:1509: UndefinedMetricWarning: Precision is ill-defined and being set to 0.0 due to no predicted samples. Use `zero_division` parameter to control this behavior.
  _warn_prf(average, modifier, f"{metric.capitalize()} is", len(result))
/home/tom/miniconda3/envs/nnUNets/lib/python3.11/site-packages/sklearn/metrics/_classification.py:1509: UndefinedMetricWarning: Precision is ill-defined and being set to 0.0 due to no predicted samples. Use `zero_division` parameter to control this behavior.
  _warn_prf(average, modifier, f"{metric.capitalize()} is", len(result))
/home/tom/miniconda3/envs/nnUNets/lib/python3.11/site-packages/sklearn/metrics/_classification.py:1509: UndefinedMetricWarning: Precision is ill-defined and being set to 0.0 due to no predicted samples. Use `zero_division` parameter to control this behavior.
  _warn_prf(average, modifier, f"{metric.capitalize()} is", len(result))
/home/tom/miniconda3/envs/nnUNets/lib/python3.11/site-packages/sklearn/metrics/_classification.py:1509: UndefinedMetricWarning: Precision is ill-defined and being set to 0.0 due to no predicted samples. Use `zero_division` parameter to control this behavior.
  _warn_prf(average, modifier, f"{metric.capitalize()} is", len(result))
/home/tom/miniconda3/envs/nnUNets/lib/python3.11/site-packages/sklearn/metrics/_classification.py:1509: UndefinedMetricWarning: Precision is ill-defined and being set to 0.0 due to no predicted samples. Use `zero_division` parameter to control this behavior.
  _warn_prf(average, modifier, f"{metric.capitalize()} is", len(result))
/home/tom/miniconda3/envs/nnUNets/lib/python3.11/site-packages/sklearn/metrics/_classification.py:1509: UndefinedMetricWarning: Precision is ill-defined and being set to 0.0 due to no predicted samples. Use `zero_division` parameter to control this behavior.
  _warn_prf(average, modifier, f"{metric.capitalize()} is", len(result))
/home/tom/miniconda3/envs/nnUNets/lib/python3.11/site-packages/sklearn/metrics/_classification.py:1509: UndefinedMetricWarning: Precision is ill-defined and being set to 0.0 due to no predicted samples. Use `zero_division` parameter to control this behavior.
  _warn_prf(average, modifier, f"{metric.capitalize()} is", len(result))
/home/tom/miniconda3/envs/nnUNets/lib/python3.11/site-packages/sklearn/metrics/_classification.py:1509: UndefinedMetricWarning: Precision is ill-defined and being set to 0.0 due to no predicted samples. Use `zero_division` parameter to control this behavior.
  _warn_prf(average, modifier, f"{metric.capitalize()} is", len(result))
/home/tom/miniconda3/envs/nnUNets/lib/python3.11/site-packages/sklearn/metrics/_classification.py:1509: UndefinedMetricWarning: Precision is ill-defined and being set to 0.0 due to no predicted samples. Use `zero_division` parameter to control this behavior.
  _warn_prf(average, modifier, f"{metric.capitalize()} is", len(result))
[I 2025-01-08 16:15:40,816] Trial 68 finished with value: 0.25 and parameters: {'C': 0.0371673423904875, 'penalty': 'l1'}. Best is trial 36 with value: 0.6262976464730852.
/home/tom/miniconda3/envs/nnUNets/lib/python3.11/site-packages/sklearn/metrics/_classification.py:1509: UndefinedMetricWarning: Precision is ill-defined and being set to 0.0 due to no predicted samples. Use `zero_division` parameter to control this behavior.
  _warn_prf(average, modifier, f"{metric.capitalize()} is", len(result))
[I 2025-01-08 16:15:40,832] Trial 67 finished with value: 0.25 and parameters: {'C': 0.035770868648341454, 'penalty': 'l1'}. Best is trial 36 with value: 0.6262976464730852.
/home/tom/miniconda3/envs/nnUNets/lib/python3.11/site-packages/sklearn/metrics/_classification.py:1509: UndefinedMetricWarning: Precision is ill-defined and being set to 0.0 due to no predicted samples. Use `zero_division` parameter to control this behavior.
  _warn_prf(average, modifier, f"{metric.capitalize()} is", len(result))
/home/tom/miniconda3/envs/nnUNets/lib/python3.11/site-packages/sklearn/metrics/_classification.py:1509: UndefinedMetricWarning: Precision is ill-defined and being set to 0.0 due to no predicted samples. Use `zero_division` parameter to control this behavior.
  _warn_prf(average, modifier, f"{metric.capitalize()} is", len(result))
[I 2025-01-08 16:15:40,838] Trial 70 finished with value: 0.25 and parameters: {'C': 0.04329283836336139, 'penalty': 'l1'}. Best is trial 36 with value: 0.6262976464730852.
[I 2025-01-08 16:15:40,839] Trial 69 finished with value: 0.25 and parameters: {'C': 0.035359416687777256, 'penalty': 'l1'}. Best is trial 36 with value: 0.6262976464730852.
[I 2025-01-08 16:15:40,884] Trial 71 finished with value: 0.5323966157299491 and parameters: {'C': 0.49385254911585574, 'penalty': 'l1'}. Best is trial 36 with value: 0.6262976464730852.
[I 2025-01-08 16:15:40,973] Trial 73 finished with value: 0.5739329805996471 and parameters: {'C': 0.1467196927118061, 'penalty': 'l1'}. Best is trial 36 with value: 0.6262976464730852.
[I 2025-01-08 16:15:40,975] Trial 72 finished with value: 0.5820291469414276 and parameters: {'C': 0.13986799061686608, 'penalty': 'l1'}. Best is trial 36 with value: 0.6262976464730852.
[I 2025-01-08 16:15:40,999] Trial 74 finished with value: 0.52992747992748 and parameters: {'C': 0.5048482400107716, 'penalty': 'l1'}. Best is trial 36 with value: 0.6262976464730852.
/home/tom/miniconda3/envs/nnUNets/lib/python3.11/site-packages/sklearn/metrics/_classification.py:1509: UndefinedMetricWarning: Precision is ill-defined and being set to 0.0 due to no predicted samples. Use `zero_division` parameter to control this behavior.
  _warn_prf(average, modifier, f"{metric.capitalize()} is", len(result))
[I 2025-01-08 16:15:41,098] Trial 75 finished with value: 0.48419753086419753 and parameters: {'C': 0.12384684784811871, 'penalty': 'l1'}. Best is trial 36 with value: 0.6262976464730852.
[I 2025-01-08 16:15:41,109] Trial 76 finished with value: 0.603032153032153 and parameters: {'C': 0.26781462264542866, 'penalty': 'l1'}. Best is trial 36 with value: 0.6262976464730852.
[I 2025-01-08 16:15:41,112] Trial 78 finished with value: 0.6017975851309185 and parameters: {'C': 0.27538244755583363, 'penalty': 'l1'}. Best is trial 36 with value: 0.6262976464730852.
[I 2025-01-08 16:15:41,127] Trial 77 finished with value: 0.5804938271604938 and parameters: {'C': 0.13088218257978948, 'penalty': 'l1'}. Best is trial 36 with value: 0.6262976464730852.
[I 2025-01-08 16:15:41,177] Trial 79 finished with value: 0.6014077215831601 and parameters: {'C': 0.2526235703895114, 'penalty': 'l1'}. Best is trial 36 with value: 0.6262976464730852.
[I 2025-01-08 16:15:41,274] Trial 80 finished with value: 0.4743286034952702 and parameters: {'C': 2.1684199514934925, 'penalty': 'l1'}. Best is trial 36 with value: 0.6262976464730852.
[I 2025-01-08 16:15:41,279] Trial 81 finished with value: 0.4671989738656405 and parameters: {'C': 1.9332711026546403, 'penalty': 'l1'}. Best is trial 36 with value: 0.6262976464730852.
[I 2025-01-08 16:15:41,295] Trial 82 finished with value: 0.46789223122556456 and parameters: {'C': 1.637403460497352, 'penalty': 'l1'}. Best is trial 36 with value: 0.6262976464730852.
[I 2025-01-08 16:15:41,383] Trial 85 finished with value: 0.4706248997915664 and parameters: {'C': 2.237354314694573, 'penalty': 'l1'}. Best is trial 36 with value: 0.6262976464730852.
[I 2025-01-08 16:15:41,401] Trial 83 finished with value: 0.5193257670374376 and parameters: {'C': 0.671306356262965, 'penalty': 'l1'}. Best is trial 36 with value: 0.6262976464730852.
[I 2025-01-08 16:15:41,403] Trial 84 finished with value: 0.4755631713965047 and parameters: {'C': 2.0546003199132925, 'penalty': 'l1'}. Best is trial 36 with value: 0.6262976464730852.
[I 2025-01-08 16:15:41,453] Trial 86 finished with value: 0.5180911991362029 and parameters: {'C': 0.740573005219861, 'penalty': 'l1'}. Best is trial 36 with value: 0.6262976464730852.
[I 2025-01-08 16:15:41,458] Trial 87 finished with value: 0.5270921235627118 and parameters: {'C': 0.5425063157315406, 'penalty': 'l1'}. Best is trial 36 with value: 0.6262976464730852.
[I 2025-01-08 16:15:41,568] Trial 88 finished with value: 0.6139918904624788 and parameters: {'C': 0.19131219273137082, 'penalty': 'l1'}. Best is trial 36 with value: 0.6262976464730852.
[I 2025-01-08 16:15:41,596] Trial 90 finished with value: 0.6152264583637133 and parameters: {'C': 0.19679683939482637, 'penalty': 'l1'}. Best is trial 36 with value: 0.6262976464730852.
[I 2025-01-08 16:15:41,598] Trial 89 finished with value: 0.5539969127688427 and parameters: {'C': 0.41024161229629114, 'penalty': 'l1'}. Best is trial 36 with value: 0.6262976464730852.
/home/tom/miniconda3/envs/nnUNets/lib/python3.11/site-packages/sklearn/metrics/_classification.py:1509: UndefinedMetricWarning: Precision is ill-defined and being set to 0.0 due to no predicted samples. Use `zero_division` parameter to control this behavior.
  _warn_prf(average, modifier, f"{metric.capitalize()} is", len(result))
/home/tom/miniconda3/envs/nnUNets/lib/python3.11/site-packages/sklearn/metrics/_classification.py:1509: UndefinedMetricWarning: Precision is ill-defined and being set to 0.0 due to no predicted samples. Use `zero_division` parameter to control this behavior.
  _warn_prf(average, modifier, f"{metric.capitalize()} is", len(result))
[I 2025-01-08 16:15:41,690] Trial 93 finished with value: 0.6194913292952509 and parameters: {'C': 0.20013681635658626, 'penalty': 'l1'}. Best is trial 36 with value: 0.6262976464730852.
[I 2025-01-08 16:15:41,697] Trial 92 finished with value: 0.4205309302172047 and parameters: {'C': 5.118267593447478, 'penalty': 'l1'}. Best is trial 36 with value: 0.6262976464730852.
[I 2025-01-08 16:15:41,701] Trial 91 finished with value: 0.5564660485713118 and parameters: {'C': 0.3809665311832264, 'penalty': 'l1'}. Best is trial 36 with value: 0.6262976464730852.
/home/tom/miniconda3/envs/nnUNets/lib/python3.11/site-packages/sklearn/metrics/_classification.py:1509: UndefinedMetricWarning: Precision is ill-defined and being set to 0.0 due to no predicted samples. Use `zero_division` parameter to control this behavior.
  _warn_prf(average, modifier, f"{metric.capitalize()} is", len(result))
/home/tom/miniconda3/envs/nnUNets/lib/python3.11/site-packages/sklearn/metrics/_classification.py:1509: UndefinedMetricWarning: Precision is ill-defined and being set to 0.0 due to no predicted samples. Use `zero_division` parameter to control this behavior.
  _warn_prf(average, modifier, f"{metric.capitalize()} is", len(result))
/home/tom/miniconda3/envs/nnUNets/lib/python3.11/site-packages/sklearn/metrics/_classification.py:1509: UndefinedMetricWarning: Precision is ill-defined and being set to 0.0 due to no predicted samples. Use `zero_division` parameter to control this behavior.
  _warn_prf(average, modifier, f"{metric.capitalize()} is", len(result))
[I 2025-01-08 16:15:41,736] Trial 95 finished with value: 0.25 and parameters: {'C': 0.09697193744561379, 'penalty': 'l1'}. Best is trial 36 with value: 0.6262976464730852.
[I 2025-01-08 16:15:41,745] Trial 94 finished with value: 0.6346560846560847 and parameters: {'C': 0.21000395578364683, 'penalty': 'l1'}. Best is trial 94 with value: 0.6346560846560847.
/home/tom/miniconda3/envs/nnUNets/lib/python3.11/site-packages/sklearn/metrics/_classification.py:1509: UndefinedMetricWarning: Precision is ill-defined and being set to 0.0 due to no predicted samples. Use `zero_division` parameter to control this behavior.
  _warn_prf(average, modifier, f"{metric.capitalize()} is", len(result))
/home/tom/miniconda3/envs/nnUNets/lib/python3.11/site-packages/sklearn/metrics/_classification.py:1509: UndefinedMetricWarning: Precision is ill-defined and being set to 0.0 due to no predicted samples. Use `zero_division` parameter to control this behavior.
  _warn_prf(average, modifier, f"{metric.capitalize()} is", len(result))
/home/tom/miniconda3/envs/nnUNets/lib/python3.11/site-packages/sklearn/metrics/_classification.py:1509: UndefinedMetricWarning: Precision is ill-defined and being set to 0.0 due to no predicted samples. Use `zero_division` parameter to control this behavior.
  _warn_prf(average, modifier, f"{metric.capitalize()} is", len(result))
/home/tom/miniconda3/envs/nnUNets/lib/python3.11/site-packages/sklearn/metrics/_classification.py:1509: UndefinedMetricWarning: Precision is ill-defined and being set to 0.0 due to no predicted samples. Use `zero_division` parameter to control this behavior.
  _warn_prf(average, modifier, f"{metric.capitalize()} is", len(result))
/home/tom/miniconda3/envs/nnUNets/lib/python3.11/site-packages/sklearn/metrics/_classification.py:1509: UndefinedMetricWarning: Precision is ill-defined and being set to 0.0 due to no predicted samples. Use `zero_division` parameter to control this behavior.
  _warn_prf(average, modifier, f"{metric.capitalize()} is", len(result))
/home/tom/miniconda3/envs/nnUNets/lib/python3.11/site-packages/sklearn/metrics/_classification.py:1509: UndefinedMetricWarning: Precision is ill-defined and being set to 0.0 due to no predicted samples. Use `zero_division` parameter to control this behavior.
  _warn_prf(average, modifier, f"{metric.capitalize()} is", len(result))
/home/tom/miniconda3/envs/nnUNets/lib/python3.11/site-packages/sklearn/metrics/_classification.py:1509: UndefinedMetricWarning: Precision is ill-defined and being set to 0.0 due to no predicted samples. Use `zero_division` parameter to control this behavior.
  _warn_prf(average, modifier, f"{metric.capitalize()} is", len(result))
/home/tom/miniconda3/envs/nnUNets/lib/python3.11/site-packages/sklearn/metrics/_classification.py:1509: UndefinedMetricWarning: Precision is ill-defined and being set to 0.0 due to no predicted samples. Use `zero_division` parameter to control this behavior.
  _warn_prf(average, modifier, f"{metric.capitalize()} is", len(result))
/home/tom/miniconda3/envs/nnUNets/lib/python3.11/site-packages/sklearn/metrics/_classification.py:1509: UndefinedMetricWarning: Precision is ill-defined and being set to 0.0 due to no predicted samples. Use `zero_division` parameter to control this behavior.
  _warn_prf(average, modifier, f"{metric.capitalize()} is", len(result))
/home/tom/miniconda3/envs/nnUNets/lib/python3.11/site-packages/sklearn/metrics/_classification.py:1509: UndefinedMetricWarning: Precision is ill-defined and being set to 0.0 due to no predicted samples. Use `zero_division` parameter to control this behavior.
  _warn_prf(average, modifier, f"{metric.capitalize()} is", len(result))
[I 2025-01-08 16:15:41,872] Trial 96 finished with value: 0.3588044184535413 and parameters: {'C': 0.10133432773007411, 'penalty': 'l1'}. Best is trial 94 with value: 0.6346560846560847.
/home/tom/miniconda3/envs/nnUNets/lib/python3.11/site-packages/sklearn/metrics/_classification.py:1509: UndefinedMetricWarning: Precision is ill-defined and being set to 0.0 due to no predicted samples. Use `zero_division` parameter to control this behavior.
  _warn_prf(average, modifier, f"{metric.capitalize()} is", len(result))
/home/tom/miniconda3/envs/nnUNets/lib/python3.11/site-packages/sklearn/metrics/_classification.py:1509: UndefinedMetricWarning: Precision is ill-defined and being set to 0.0 due to no predicted samples. Use `zero_division` parameter to control this behavior.
  _warn_prf(average, modifier, f"{metric.capitalize()} is", len(result))
[I 2025-01-08 16:15:41,897] Trial 98 finished with value: 0.25 and parameters: {'C': 0.05327580249650968, 'penalty': 'l1'}. Best is trial 94 with value: 0.6346560846560847.
/home/tom/miniconda3/envs/nnUNets/lib/python3.11/site-packages/sklearn/metrics/_classification.py:1509: UndefinedMetricWarning: Precision is ill-defined and being set to 0.0 due to no predicted samples. Use `zero_division` parameter to control this behavior.
  _warn_prf(average, modifier, f"{metric.capitalize()} is", len(result))
/home/tom/miniconda3/envs/nnUNets/lib/python3.11/site-packages/sklearn/metrics/_classification.py:1509: UndefinedMetricWarning: Precision is ill-defined and being set to 0.0 due to no predicted samples. Use `zero_division` parameter to control this behavior.
  _warn_prf(average, modifier, f"{metric.capitalize()} is", len(result))
/home/tom/miniconda3/envs/nnUNets/lib/python3.11/site-packages/sklearn/metrics/_classification.py:1509: UndefinedMetricWarning: Precision is ill-defined and being set to 0.0 due to no predicted samples. Use `zero_division` parameter to control this behavior.
  _warn_prf(average, modifier, f"{metric.capitalize()} is", len(result))
/home/tom/miniconda3/envs/nnUNets/lib/python3.11/site-packages/sklearn/metrics/_classification.py:1509: UndefinedMetricWarning: Precision is ill-defined and being set to 0.0 due to no predicted samples. Use `zero_division` parameter to control this behavior.
  _warn_prf(average, modifier, f"{metric.capitalize()} is", len(result))
[I 2025-01-08 16:15:41,932] Trial 97 finished with value: 0.25 and parameters: {'C': 0.053909144241185744, 'penalty': 'l1'}. Best is trial 94 with value: 0.6346560846560847.
/home/tom/miniconda3/envs/nnUNets/lib/python3.11/site-packages/sklearn/metrics/_classification.py:1509: UndefinedMetricWarning: Precision is ill-defined and being set to 0.0 due to no predicted samples. Use `zero_division` parameter to control this behavior.
  _warn_prf(average, modifier, f"{metric.capitalize()} is", len(result))
/home/tom/miniconda3/envs/nnUNets/lib/python3.11/site-packages/sklearn/metrics/_classification.py:1509: UndefinedMetricWarning: Precision is ill-defined and being set to 0.0 due to no predicted samples. Use `zero_division` parameter to control this behavior.
  _warn_prf(average, modifier, f"{metric.capitalize()} is", len(result))
/home/tom/miniconda3/envs/nnUNets/lib/python3.11/site-packages/sklearn/metrics/_classification.py:1509: UndefinedMetricWarning: Precision is ill-defined and being set to 0.0 due to no predicted samples. Use `zero_division` parameter to control this behavior.
  _warn_prf(average, modifier, f"{metric.capitalize()} is", len(result))
/home/tom/miniconda3/envs/nnUNets/lib/python3.11/site-packages/sklearn/metrics/_classification.py:1509: UndefinedMetricWarning: Precision is ill-defined and being set to 0.0 due to no predicted samples. Use `zero_division` parameter to control this behavior.
  _warn_prf(average, modifier, f"{metric.capitalize()} is", len(result))
/home/tom/miniconda3/envs/nnUNets/lib/python3.11/site-packages/sklearn/metrics/_classification.py:1509: UndefinedMetricWarning: Precision is ill-defined and being set to 0.0 due to no predicted samples. Use `zero_division` parameter to control this behavior.
  _warn_prf(average, modifier, f"{metric.capitalize()} is", len(result))
/home/tom/miniconda3/envs/nnUNets/lib/python3.11/site-packages/sklearn/metrics/_classification.py:1509: UndefinedMetricWarning: Precision is ill-defined and being set to 0.0 due to no predicted samples. Use `zero_division` parameter to control this behavior.
  _warn_prf(average, modifier, f"{metric.capitalize()} is", len(result))
/home/tom/miniconda3/envs/nnUNets/lib/python3.11/site-packages/sklearn/metrics/_classification.py:1509: UndefinedMetricWarning: Precision is ill-defined and being set to 0.0 due to no predicted samples. Use `zero_division` parameter to control this behavior.
  _warn_prf(average, modifier, f"{metric.capitalize()} is", len(result))
/home/tom/miniconda3/envs/nnUNets/lib/python3.11/site-packages/sklearn/metrics/_classification.py:1509: UndefinedMetricWarning: Precision is ill-defined and being set to 0.0 due to no predicted samples. Use `zero_division` parameter to control this behavior.
  _warn_prf(average, modifier, f"{metric.capitalize()} is", len(result))
