[I 2025-01-08 16:15:38,813] Trial 10 finished with value: 0.5258575556614773 and parameters: {'C': 0.5495945820230358, 'penalty': 'l1'}. Best is trial 10 with value: 0.5258575556614773.
/home/tom/miniconda3/envs/nnUNets/lib/python3.11/site-packages/sklearn/metrics/_classification.py:1509: UndefinedMetricWarning: Precision is ill-defined and being set to 0.0 due to no predicted samples. Use `zero_division` parameter to control this behavior.
  _warn_prf(average, modifier, f"{metric.capitalize()} is", len(result))
/home/tom/miniconda3/envs/nnUNets/lib/python3.11/site-packages/sklearn/metrics/_classification.py:1509: UndefinedMetricWarning: Precision is ill-defined and being set to 0.0 due to no predicted samples. Use `zero_division` parameter to control this behavior.
  _warn_prf(average, modifier, f"{metric.capitalize()} is", len(result))
/home/tom/miniconda3/envs/nnUNets/lib/python3.11/site-packages/sklearn/metrics/_classification.py:1509: UndefinedMetricWarning: Precision is ill-defined and being set to 0.0 due to no predicted samples. Use `zero_division` parameter to control this behavior.
  _warn_prf(average, modifier, f"{metric.capitalize()} is", len(result))
[I 2025-01-08 16:15:38,826] Trial 13 finished with value: 0.25 and parameters: {'C': 9.167388082953933e-05, 'penalty': 'l1'}. Best is trial 10 with value: 0.5258575556614773.
[I 2025-01-08 16:15:38,826] Trial 15 finished with value: 0.25 and parameters: {'C': 0.00017038910839218426, 'penalty': 'l1'}. Best is trial 10 with value: 0.5258575556614773.
[I 2025-01-08 16:15:38,827] Trial 14 finished with value: 0.25 and parameters: {'C': 0.00574198985059586, 'penalty': 'l1'}. Best is trial 10 with value: 0.5258575556614773.
[I 2025-01-08 16:15:38,833] Trial 12 finished with value: 0.40549613784907906 and parameters: {'C': 43.36065063758449, 'penalty': 'l1'}. Best is trial 10 with value: 0.5258575556614773.
[I 2025-01-08 16:15:39,022] Trial 16 finished with value: 0.4102292768959435 and parameters: {'C': 14.375613550464454, 'penalty': 'l1'}. Best is trial 10 with value: 0.5258575556614773.
[I 2025-01-08 16:15:39,050] Trial 20 finished with value: 0.4114638447971781 and parameters: {'C': 10.311533623832643, 'penalty': 'l1'}. Best is trial 10 with value: 0.5258575556614773.
[I 2025-01-08 16:15:39,065] Trial 17 finished with value: 0.4114638447971781 and parameters: {'C': 11.36390353615675, 'penalty': 'l1'}. Best is trial 10 with value: 0.5258575556614773.
[I 2025-01-08 16:15:39,075] Trial 18 finished with value: 0.4012384019630396 and parameters: {'C': 16.69501976031194, 'penalty': 'l1'}. Best is trial 10 with value: 0.5258575556614773.
[I 2025-01-08 16:15:39,098] Trial 22 finished with value: 0.40899470899470897 and parameters: {'C': 14.744000037098354, 'penalty': 'l1'}. Best is trial 10 with value: 0.5258575556614773.
[I 2025-01-08 16:15:39,111] Trial 19 finished with value: 0.4114638447971781 and parameters: {'C': 10.369766043027093, 'penalty': 'l1'}. Best is trial 10 with value: 0.5258575556614773.
[I 2025-01-08 16:15:39,114] Trial 21 finished with value: 0.3916546416546416 and parameters: {'C': 17.78672463784859, 'penalty': 'l1'}. Best is trial 10 with value: 0.5258575556614773.
[I 2025-01-08 16:15:39,122] Trial 23 finished with value: 0.40247296986427417 and parameters: {'C': 15.26273706241785, 'penalty': 'l1'}. Best is trial 10 with value: 0.5258575556614773.
[I 2025-01-08 16:15:39,277] Trial 25 finished with value: 0.47900334233667563 and parameters: {'C': 1.2715586533048875, 'penalty': 'l1'}. Best is trial 10 with value: 0.5258575556614773.
[I 2025-01-08 16:15:39,301] Trial 24 finished with value: 0.4795645095645095 and parameters: {'C': 1.2157272591499886, 'penalty': 'l1'}. Best is trial 10 with value: 0.5258575556614773.
[I 2025-01-08 16:15:39,330] Trial 26 finished with value: 0.49247916334872854 and parameters: {'C': 0.9427147172346302, 'penalty': 'l1'}. Best is trial 10 with value: 0.5258575556614773.
[I 2025-01-08 16:15:39,369] Trial 27 finished with value: 0.4777687744354411 and parameters: {'C': 1.2634875824800555, 'penalty': 'l1'}. Best is trial 10 with value: 0.5258575556614773.
[I 2025-01-08 16:15:39,373] Trial 28 finished with value: 0.4777687744354411 and parameters: {'C': 1.27925772031896, 'penalty': 'l1'}. Best is trial 10 with value: 0.5258575556614773.
[I 2025-01-08 16:15:39,382] Trial 30 finished with value: 0.49371373124996315 and parameters: {'C': 0.8854979398079762, 'penalty': 'l1'}. Best is trial 10 with value: 0.5258575556614773.
[I 2025-01-08 16:15:39,385] Trial 29 finished with value: 0.482602620138852 and parameters: {'C': 1.089772398696827, 'penalty': 'l1'}. Best is trial 10 with value: 0.5258575556614773.
[I 2025-01-08 16:15:39,417] Trial 31 finished with value: 0.49900288004788385 and parameters: {'C': 0.7919383099183114, 'penalty': 'l1'}. Best is trial 10 with value: 0.5258575556614773.
[I 2025-01-08 16:15:39,539] Trial 32 finished with value: 0.6115227546600096 and parameters: {'C': 0.18583539126275353, 'penalty': 'l1'}. Best is trial 32 with value: 0.6115227546600096.
[I 2025-01-08 16:15:39,587] Trial 33 finished with value: 0.5623342544395176 and parameters: {'C': 0.35275657180281755, 'penalty': 'l1'}. Best is trial 32 with value: 0.6115227546600096.
[I 2025-01-08 16:15:39,623] Trial 34 finished with value: 0.5778659611992946 and parameters: {'C': 0.30117430130144096, 'penalty': 'l1'}. Best is trial 32 with value: 0.6115227546600096.
[I 2025-01-08 16:15:39,647] Trial 35 finished with value: 0.6139349546986286 and parameters: {'C': 0.2306319640656798, 'penalty': 'l1'}. Best is trial 35 with value: 0.6139349546986286.
[I 2025-01-08 16:15:39,660] Trial 36 finished with value: 0.6262976464730852 and parameters: {'C': 0.2204870969590433, 'penalty': 'l1'}. Best is trial 36 with value: 0.6262976464730852.
[I 2025-01-08 16:15:39,661] Trial 37 finished with value: 0.6151695225998632 and parameters: {'C': 0.22828884790553558, 'penalty': 'l1'}. Best is trial 36 with value: 0.6262976464730852.
[I 2025-01-08 16:15:39,680] Trial 38 finished with value: 0.6127573225612442 and parameters: {'C': 0.1904856156249276, 'penalty': 'l1'}. Best is trial 36 with value: 0.6262976464730852.
/home/tom/miniconda3/envs/nnUNets/lib/python3.11/site-packages/sklearn/metrics/_classification.py:1509: UndefinedMetricWarning: Precision is ill-defined and being set to 0.0 due to no predicted samples. Use `zero_division` parameter to control this behavior.
  _warn_prf(average, modifier, f"{metric.capitalize()} is", len(result))
[I 2025-01-08 16:15:39,711] Trial 39 finished with value: 0.6152264583637133 and parameters: {'C': 0.19716463256098427, 'penalty': 'l1'}. Best is trial 36 with value: 0.6262976464730852.
/home/tom/miniconda3/envs/nnUNets/lib/python3.11/site-packages/sklearn/metrics/_classification.py:1509: UndefinedMetricWarning: Precision is ill-defined and being set to 0.0 due to no predicted samples. Use `zero_division` parameter to control this behavior.
  _warn_prf(average, modifier, f"{metric.capitalize()} is", len(result))
/home/tom/miniconda3/envs/nnUNets/lib/python3.11/site-packages/sklearn/metrics/_classification.py:1509: UndefinedMetricWarning: Precision is ill-defined and being set to 0.0 due to no predicted samples. Use `zero_division` parameter to control this behavior.
  _warn_prf(average, modifier, f"{metric.capitalize()} is", len(result))
/home/tom/miniconda3/envs/nnUNets/lib/python3.11/site-packages/sklearn/metrics/_classification.py:1509: UndefinedMetricWarning: Precision is ill-defined and being set to 0.0 due to no predicted samples. Use `zero_division` parameter to control this behavior.
  _warn_prf(average, modifier, f"{metric.capitalize()} is", len(result))
/home/tom/miniconda3/envs/nnUNets/lib/python3.11/site-packages/sklearn/metrics/_classification.py:1509: UndefinedMetricWarning: Precision is ill-defined and being set to 0.0 due to no predicted samples. Use `zero_division` parameter to control this behavior.
  _warn_prf(average, modifier, f"{metric.capitalize()} is", len(result))
/home/tom/miniconda3/envs/nnUNets/lib/python3.11/site-packages/sklearn/metrics/_classification.py:1509: UndefinedMetricWarning: Precision is ill-defined and being set to 0.0 due to no predicted samples. Use `zero_division` parameter to control this behavior.
  _warn_prf(average, modifier, f"{metric.capitalize()} is", len(result))
/home/tom/miniconda3/envs/nnUNets/lib/python3.11/site-packages/sklearn/metrics/_classification.py:1509: UndefinedMetricWarning: Precision is ill-defined and being set to 0.0 due to no predicted samples. Use `zero_division` parameter to control this behavior.
  _warn_prf(average, modifier, f"{metric.capitalize()} is", len(result))
[I 2025-01-08 16:15:39,805] Trial 40 finished with value: 0.3464262508122158 and parameters: {'C': 0.10976361041562611, 'penalty': 'l1'}. Best is trial 36 with value: 0.6262976464730852.
/home/tom/miniconda3/envs/nnUNets/lib/python3.11/site-packages/sklearn/metrics/_classification.py:1509: UndefinedMetricWarning: Precision is ill-defined and being set to 0.0 due to no predicted samples. Use `zero_division` parameter to control this behavior.
  _warn_prf(average, modifier, f"{metric.capitalize()} is", len(result))
/home/tom/miniconda3/envs/nnUNets/lib/python3.11/site-packages/sklearn/metrics/_classification.py:1509: UndefinedMetricWarning: Precision is ill-defined and being set to 0.0 due to no predicted samples. Use `zero_division` parameter to control this behavior.
  _warn_prf(average, modifier, f"{metric.capitalize()} is", len(result))
/home/tom/miniconda3/envs/nnUNets/lib/python3.11/site-packages/sklearn/metrics/_classification.py:1509: UndefinedMetricWarning: Precision is ill-defined and being set to 0.0 due to no predicted samples. Use `zero_division` parameter to control this behavior.
  _warn_prf(average, modifier, f"{metric.capitalize()} is", len(result))
/home/tom/miniconda3/envs/nnUNets/lib/python3.11/site-packages/sklearn/metrics/_classification.py:1509: UndefinedMetricWarning: Precision is ill-defined and being set to 0.0 due to no predicted samples. Use `zero_division` parameter to control this behavior.
  _warn_prf(average, modifier, f"{metric.capitalize()} is", len(result))
/home/tom/miniconda3/envs/nnUNets/lib/python3.11/site-packages/sklearn/metrics/_classification.py:1509: UndefinedMetricWarning: Precision is ill-defined and being set to 0.0 due to no predicted samples. Use `zero_division` parameter to control this behavior.
  _warn_prf(average, modifier, f"{metric.capitalize()} is", len(result))
/home/tom/miniconda3/envs/nnUNets/lib/python3.11/site-packages/sklearn/metrics/_classification.py:1509: UndefinedMetricWarning: Precision is ill-defined and being set to 0.0 due to no predicted samples. Use `zero_division` parameter to control this behavior.
  _warn_prf(average, modifier, f"{metric.capitalize()} is", len(result))
/home/tom/miniconda3/envs/nnUNets/lib/python3.11/site-packages/sklearn/metrics/_classification.py:1509: UndefinedMetricWarning: Precision is ill-defined and being set to 0.0 due to no predicted samples. Use `zero_division` parameter to control this behavior.
  _warn_prf(average, modifier, f"{metric.capitalize()} is", len(result))
/home/tom/miniconda3/envs/nnUNets/lib/python3.11/site-packages/sklearn/metrics/_classification.py:1509: UndefinedMetricWarning: Precision is ill-defined and being set to 0.0 due to no predicted samples. Use `zero_division` parameter to control this behavior.
  _warn_prf(average, modifier, f"{metric.capitalize()} is", len(result))
/home/tom/miniconda3/envs/nnUNets/lib/python3.11/site-packages/sklearn/metrics/_classification.py:1509: UndefinedMetricWarning: Precision is ill-defined and being set to 0.0 due to no predicted samples. Use `zero_division` parameter to control this behavior.
  _warn_prf(average, modifier, f"{metric.capitalize()} is", len(result))
/home/tom/miniconda3/envs/nnUNets/lib/python3.11/site-packages/sklearn/metrics/_classification.py:1509: UndefinedMetricWarning: Precision is ill-defined and being set to 0.0 due to no predicted samples. Use `zero_division` parameter to control this behavior.
  _warn_prf(average, modifier, f"{metric.capitalize()} is", len(result))
[I 2025-01-08 16:15:39,871] Trial 41 finished with value: 0.25 and parameters: {'C': 0.010923410239020392, 'penalty': 'l1'}. Best is trial 36 with value: 0.6262976464730852.
/home/tom/miniconda3/envs/nnUNets/lib/python3.11/site-packages/sklearn/metrics/_classification.py:1509: UndefinedMetricWarning: Precision is ill-defined and being set to 0.0 due to no predicted samples. Use `zero_division` parameter to control this behavior.
  _warn_prf(average, modifier, f"{metric.capitalize()} is", len(result))
/home/tom/miniconda3/envs/nnUNets/lib/python3.11/site-packages/sklearn/metrics/_classification.py:1509: UndefinedMetricWarning: Precision is ill-defined and being set to 0.0 due to no predicted samples. Use `zero_division` parameter to control this behavior.
  _warn_prf(average, modifier, f"{metric.capitalize()} is", len(result))
/home/tom/miniconda3/envs/nnUNets/lib/python3.11/site-packages/sklearn/metrics/_classification.py:1509: UndefinedMetricWarning: Precision is ill-defined and being set to 0.0 due to no predicted samples. Use `zero_division` parameter to control this behavior.
  _warn_prf(average, modifier, f"{metric.capitalize()} is", len(result))
/home/tom/miniconda3/envs/nnUNets/lib/python3.11/site-packages/sklearn/metrics/_classification.py:1509: UndefinedMetricWarning: Precision is ill-defined and being set to 0.0 due to no predicted samples. Use `zero_division` parameter to control this behavior.
  _warn_prf(average, modifier, f"{metric.capitalize()} is", len(result))
/home/tom/miniconda3/envs/nnUNets/lib/python3.11/site-packages/sklearn/metrics/_classification.py:1509: UndefinedMetricWarning: Precision is ill-defined and being set to 0.0 due to no predicted samples. Use `zero_division` parameter to control this behavior.
  _warn_prf(average, modifier, f"{metric.capitalize()} is", len(result))
[I 2025-01-08 16:15:39,896] Trial 42 finished with value: 0.25 and parameters: {'C': 0.008025499996132494, 'penalty': 'l1'}. Best is trial 36 with value: 0.6262976464730852.
/home/tom/miniconda3/envs/nnUNets/lib/python3.11/site-packages/sklearn/metrics/_classification.py:1509: UndefinedMetricWarning: Precision is ill-defined and being set to 0.0 due to no predicted samples. Use `zero_division` parameter to control this behavior.
  _warn_prf(average, modifier, f"{metric.capitalize()} is", len(result))
/home/tom/miniconda3/envs/nnUNets/lib/python3.11/site-packages/sklearn/metrics/_classification.py:1509: UndefinedMetricWarning: Precision is ill-defined and being set to 0.0 due to no predicted samples. Use `zero_division` parameter to control this behavior.
  _warn_prf(average, modifier, f"{metric.capitalize()} is", len(result))
/home/tom/miniconda3/envs/nnUNets/lib/python3.11/site-packages/sklearn/metrics/_classification.py:1509: UndefinedMetricWarning: Precision is ill-defined and being set to 0.0 due to no predicted samples. Use `zero_division` parameter to control this behavior.
  _warn_prf(average, modifier, f"{metric.capitalize()} is", len(result))
/home/tom/miniconda3/envs/nnUNets/lib/python3.11/site-packages/sklearn/metrics/_classification.py:1509: UndefinedMetricWarning: Precision is ill-defined and being set to 0.0 due to no predicted samples. Use `zero_division` parameter to control this behavior.
  _warn_prf(average, modifier, f"{metric.capitalize()} is", len(result))
[I 2025-01-08 16:15:39,922] Trial 45 finished with value: 0.25 and parameters: {'C': 0.011801211111588212, 'penalty': 'l1'}. Best is trial 36 with value: 0.6262976464730852.
/home/tom/miniconda3/envs/nnUNets/lib/python3.11/site-packages/sklearn/metrics/_classification.py:1509: UndefinedMetricWarning: Precision is ill-defined and being set to 0.0 due to no predicted samples. Use `zero_division` parameter to control this behavior.
  _warn_prf(average, modifier, f"{metric.capitalize()} is", len(result))
/home/tom/miniconda3/envs/nnUNets/lib/python3.11/site-packages/sklearn/metrics/_classification.py:1509: UndefinedMetricWarning: Precision is ill-defined and being set to 0.0 due to no predicted samples. Use `zero_division` parameter to control this behavior.
  _warn_prf(average, modifier, f"{metric.capitalize()} is", len(result))
/home/tom/miniconda3/envs/nnUNets/lib/python3.11/site-packages/sklearn/metrics/_classification.py:1509: UndefinedMetricWarning: Precision is ill-defined and being set to 0.0 due to no predicted samples. Use `zero_division` parameter to control this behavior.
  _warn_prf(average, modifier, f"{metric.capitalize()} is", len(result))
/home/tom/miniconda3/envs/nnUNets/lib/python3.11/site-packages/sklearn/metrics/_classification.py:1509: UndefinedMetricWarning: Precision is ill-defined and being set to 0.0 due to no predicted samples. Use `zero_division` parameter to control this behavior.
  _warn_prf(average, modifier, f"{metric.capitalize()} is", len(result))
/home/tom/miniconda3/envs/nnUNets/lib/python3.11/site-packages/sklearn/metrics/_classification.py:1509: UndefinedMetricWarning: Precision is ill-defined and being set to 0.0 due to no predicted samples. Use `zero_division` parameter to control this behavior.
  _warn_prf(average, modifier, f"{metric.capitalize()} is", len(result))
/home/tom/miniconda3/envs/nnUNets/lib/python3.11/site-packages/sklearn/metrics/_classification.py:1509: UndefinedMetricWarning: Precision is ill-defined and being set to 0.0 due to no predicted samples. Use `zero_division` parameter to control this behavior.
  _warn_prf(average, modifier, f"{metric.capitalize()} is", len(result))
[I 2025-01-08 16:15:39,959] Trial 44 finished with value: 0.25 and parameters: {'C': 0.010887473078527094, 'penalty': 'l1'}. Best is trial 36 with value: 0.6262976464730852.
/home/tom/miniconda3/envs/nnUNets/lib/python3.11/site-packages/sklearn/metrics/_classification.py:1509: UndefinedMetricWarning: Precision is ill-defined and being set to 0.0 due to no predicted samples. Use `zero_division` parameter to control this behavior.
  _warn_prf(average, modifier, f"{metric.capitalize()} is", len(result))
/home/tom/miniconda3/envs/nnUNets/lib/python3.11/site-packages/sklearn/metrics/_classification.py:1509: UndefinedMetricWarning: Precision is ill-defined and being set to 0.0 due to no predicted samples. Use `zero_division` parameter to control this behavior.
  _warn_prf(average, modifier, f"{metric.capitalize()} is", len(result))
[I 2025-01-08 16:15:39,967] Trial 43 finished with value: 0.25 and parameters: {'C': 0.016321479472889495, 'penalty': 'l1'}. Best is trial 36 with value: 0.6262976464730852.
/home/tom/miniconda3/envs/nnUNets/lib/python3.11/site-packages/sklearn/metrics/_classification.py:1509: UndefinedMetricWarning: Precision is ill-defined and being set to 0.0 due to no predicted samples. Use `zero_division` parameter to control this behavior.
  _warn_prf(average, modifier, f"{metric.capitalize()} is", len(result))
[I 2025-01-08 16:15:39,977] Trial 46 finished with value: 0.25 and parameters: {'C': 0.02045610781420778, 'penalty': 'l1'}. Best is trial 36 with value: 0.6262976464730852.
/home/tom/miniconda3/envs/nnUNets/lib/python3.11/site-packages/sklearn/metrics/_classification.py:1509: UndefinedMetricWarning: Precision is ill-defined and being set to 0.0 due to no predicted samples. Use `zero_division` parameter to control this behavior.
  _warn_prf(average, modifier, f"{metric.capitalize()} is", len(result))
/home/tom/miniconda3/envs/nnUNets/lib/python3.11/site-packages/sklearn/metrics/_classification.py:1509: UndefinedMetricWarning: Precision is ill-defined and being set to 0.0 due to no predicted samples. Use `zero_division` parameter to control this behavior.
  _warn_prf(average, modifier, f"{metric.capitalize()} is", len(result))
