[I 2025-01-08 16:15:42,008] Trial 101 finished with value: 0.25 and parameters: {'C': 0.051716265641538604, 'penalty': 'l1'}. Best is trial 94 with value: 0.6346560846560847.
/home/tom/miniconda3/envs/nnUNets/lib/python3.11/site-packages/sklearn/metrics/_classification.py:1509: UndefinedMetricWarning: Precision is ill-defined and being set to 0.0 due to no predicted samples. Use `zero_division` parameter to control this behavior.
  _warn_prf(average, modifier, f"{metric.capitalize()} is", len(result))
/home/tom/miniconda3/envs/nnUNets/lib/python3.11/site-packages/sklearn/metrics/_classification.py:1509: UndefinedMetricWarning: Precision is ill-defined and being set to 0.0 due to no predicted samples. Use `zero_division` parameter to control this behavior.
  _warn_prf(average, modifier, f"{metric.capitalize()} is", len(result))
[I 2025-01-08 16:15:42,028] Trial 100 finished with value: 0.25 and parameters: {'C': 0.058881062955718814, 'penalty': 'l1'}. Best is trial 94 with value: 0.6346560846560847.
[I 2025-01-08 16:15:42,037] Trial 102 finished with value: 0.6114658188961595 and parameters: {'C': 0.23627741553303908, 'penalty': 'l1'}. Best is trial 94 with value: 0.6346560846560847.
/home/tom/miniconda3/envs/nnUNets/lib/python3.11/site-packages/sklearn/metrics/_classification.py:1509: UndefinedMetricWarning: Precision is ill-defined and being set to 0.0 due to no predicted samples. Use `zero_division` parameter to control this behavior.
  _warn_prf(average, modifier, f"{metric.capitalize()} is", len(result))
[I 2025-01-08 16:15:42,048] Trial 99 finished with value: 0.25 and parameters: {'C': 0.06116146215929179, 'penalty': 'l1'}. Best is trial 94 with value: 0.6346560846560847.
[I 2025-01-08 16:15:42,071] Trial 103 finished with value: 0.6139918904624788 and parameters: {'C': 0.19167373010865962, 'penalty': 'l1'}. Best is trial 94 with value: 0.6346560846560847.
/home/tom/miniconda3/envs/nnUNets/lib/python3.11/site-packages/sklearn/metrics/_classification.py:1509: UndefinedMetricWarning: Precision is ill-defined and being set to 0.0 due to no predicted samples. Use `zero_division` parameter to control this behavior.
  _warn_prf(average, modifier, f"{metric.capitalize()} is", len(result))
/home/tom/miniconda3/envs/nnUNets/lib/python3.11/site-packages/sklearn/metrics/_classification.py:1509: UndefinedMetricWarning: Precision is ill-defined and being set to 0.0 due to no predicted samples. Use `zero_division` parameter to control this behavior.
  _warn_prf(average, modifier, f"{metric.capitalize()} is", len(result))
[I 2025-01-08 16:15:42,135] Trial 104 finished with value: 0.6127573225612442 and parameters: {'C': 0.19041829308239366, 'penalty': 'l1'}. Best is trial 94 with value: 0.6346560846560847.
/home/tom/miniconda3/envs/nnUNets/lib/python3.11/site-packages/sklearn/metrics/_classification.py:1509: UndefinedMetricWarning: Precision is ill-defined and being set to 0.0 due to no predicted samples. Use `zero_division` parameter to control this behavior.
  _warn_prf(average, modifier, f"{metric.capitalize()} is", len(result))
/home/tom/miniconda3/envs/nnUNets/lib/python3.11/site-packages/sklearn/metrics/_classification.py:1509: UndefinedMetricWarning: Precision is ill-defined and being set to 0.0 due to no predicted samples. Use `zero_division` parameter to control this behavior.
  _warn_prf(average, modifier, f"{metric.capitalize()} is", len(result))
/home/tom/miniconda3/envs/nnUNets/lib/python3.11/site-packages/sklearn/metrics/_classification.py:1509: UndefinedMetricWarning: Precision is ill-defined and being set to 0.0 due to no predicted samples. Use `zero_division` parameter to control this behavior.
  _warn_prf(average, modifier, f"{metric.capitalize()} is", len(result))
/home/tom/miniconda3/envs/nnUNets/lib/python3.11/site-packages/sklearn/metrics/_classification.py:1509: UndefinedMetricWarning: Precision is ill-defined and being set to 0.0 due to no predicted samples. Use `zero_division` parameter to control this behavior.
  _warn_prf(average, modifier, f"{metric.capitalize()} is", len(result))
/home/tom/miniconda3/envs/nnUNets/lib/python3.11/site-packages/sklearn/metrics/_classification.py:1509: UndefinedMetricWarning: Precision is ill-defined and being set to 0.0 due to no predicted samples. Use `zero_division` parameter to control this behavior.
  _warn_prf(average, modifier, f"{metric.capitalize()} is", len(result))
/home/tom/miniconda3/envs/nnUNets/lib/python3.11/site-packages/sklearn/metrics/_classification.py:1509: UndefinedMetricWarning: Precision is ill-defined and being set to 0.0 due to no predicted samples. Use `zero_division` parameter to control this behavior.
  _warn_prf(average, modifier, f"{metric.capitalize()} is", len(result))
[I 2025-01-08 16:15:42,218] Trial 105 finished with value: 0.25 and parameters: {'C': 0.024986339776039906, 'penalty': 'l1'}. Best is trial 94 with value: 0.6346560846560847.
/home/tom/miniconda3/envs/nnUNets/lib/python3.11/site-packages/sklearn/metrics/_classification.py:1509: UndefinedMetricWarning: Precision is ill-defined and being set to 0.0 due to no predicted samples. Use `zero_division` parameter to control this behavior.
  _warn_prf(average, modifier, f"{metric.capitalize()} is", len(result))
/home/tom/miniconda3/envs/nnUNets/lib/python3.11/site-packages/sklearn/metrics/_classification.py:1509: UndefinedMetricWarning: Precision is ill-defined and being set to 0.0 due to no predicted samples. Use `zero_division` parameter to control this behavior.
  _warn_prf(average, modifier, f"{metric.capitalize()} is", len(result))
/home/tom/miniconda3/envs/nnUNets/lib/python3.11/site-packages/sklearn/metrics/_classification.py:1509: UndefinedMetricWarning: Precision is ill-defined and being set to 0.0 due to no predicted samples. Use `zero_division` parameter to control this behavior.
  _warn_prf(average, modifier, f"{metric.capitalize()} is", len(result))
[I 2025-01-08 16:15:42,286] Trial 106 finished with value: 0.25 and parameters: {'C': 0.023298800656411305, 'penalty': 'l1'}. Best is trial 94 with value: 0.6346560846560847.
/home/tom/miniconda3/envs/nnUNets/lib/python3.11/site-packages/sklearn/metrics/_classification.py:1509: UndefinedMetricWarning: Precision is ill-defined and being set to 0.0 due to no predicted samples. Use `zero_division` parameter to control this behavior.
  _warn_prf(average, modifier, f"{metric.capitalize()} is", len(result))
/home/tom/miniconda3/envs/nnUNets/lib/python3.11/site-packages/sklearn/metrics/_classification.py:1509: UndefinedMetricWarning: Precision is ill-defined and being set to 0.0 due to no predicted samples. Use `zero_division` parameter to control this behavior.
  _warn_prf(average, modifier, f"{metric.capitalize()} is", len(result))
[I 2025-01-08 16:15:42,333] Trial 107 finished with value: 0.5564660485713118 and parameters: {'C': 0.385438498469506, 'penalty': 'l1'}. Best is trial 94 with value: 0.6346560846560847.
/home/tom/miniconda3/envs/nnUNets/lib/python3.11/site-packages/sklearn/metrics/_classification.py:1509: UndefinedMetricWarning: Precision is ill-defined and being set to 0.0 due to no predicted samples. Use `zero_division` parameter to control this behavior.
  _warn_prf(average, modifier, f"{metric.capitalize()} is", len(result))
[I 2025-01-08 16:15:42,375] Trial 111 finished with value: 0.5610996865382829 and parameters: {'C': 0.3586350577668581, 'penalty': 'l1'}. Best is trial 94 with value: 0.6346560846560847.
/home/tom/miniconda3/envs/nnUNets/lib/python3.11/site-packages/sklearn/metrics/_classification.py:1509: UndefinedMetricWarning: Precision is ill-defined and being set to 0.0 due to no predicted samples. Use `zero_division` parameter to control this behavior.
  _warn_prf(average, modifier, f"{metric.capitalize()} is", len(result))
[I 2025-01-08 16:15:42,391] Trial 109 finished with value: 0.5610996865382829 and parameters: {'C': 0.35613002903575497, 'penalty': 'l1'}. Best is trial 94 with value: 0.6346560846560847.
[I 2025-01-08 16:15:42,395] Trial 108 finished with value: 0.5577006164725463 and parameters: {'C': 0.36967938568992476, 'penalty': 'l1'}. Best is trial 94 with value: 0.6346560846560847.
[I 2025-01-08 16:15:42,396] Trial 110 finished with value: 0.25 and parameters: {'C': 1.3061081045141824e-05, 'penalty': 'l1'}. Best is trial 94 with value: 0.6346560846560847.
[I 2025-01-08 16:15:42,444] Trial 112 finished with value: 0.49001002754625944 and parameters: {'C': 0.9680426636373539, 'penalty': 'l1'}. Best is trial 94 with value: 0.6346560846560847.
[I 2025-01-08 16:15:42,538] Trial 113 finished with value: 0.6151695225998632 and parameters: {'C': 0.22867945735953735, 'penalty': 'l1'}. Best is trial 94 with value: 0.6346560846560847.
[I 2025-01-08 16:15:42,592] Trial 114 finished with value: 0.63342151675485 and parameters: {'C': 0.2110862505063028, 'penalty': 'l1'}. Best is trial 94 with value: 0.6346560846560847.
[I 2025-01-08 16:15:42,623] Trial 115 finished with value: 0.6207258971964855 and parameters: {'C': 0.20415601422210544, 'penalty': 'l1'}. Best is trial 94 with value: 0.6346560846560847.
[I 2025-01-08 16:15:42,679] Trial 116 finished with value: 0.6236670736670737 and parameters: {'C': 0.20803802932103307, 'penalty': 'l1'}. Best is trial 94 with value: 0.6346560846560847.
[I 2025-01-08 16:15:42,692] Trial 117 finished with value: 0.6207258971964855 and parameters: {'C': 0.2049673782470054, 'penalty': 'l1'}. Best is trial 94 with value: 0.6346560846560847.
[I 2025-01-08 16:15:42,699] Trial 118 finished with value: 0.5739329805996471 and parameters: {'C': 0.1449360057764559, 'penalty': 'l1'}. Best is trial 94 with value: 0.6346560846560847.
[I 2025-01-08 16:15:42,704] Trial 119 finished with value: 0.6152264583637133 and parameters: {'C': 0.19517817083543088, 'penalty': 'l1'}. Best is trial 94 with value: 0.6346560846560847.
/home/tom/miniconda3/envs/nnUNets/lib/python3.11/site-packages/sklearn/metrics/_classification.py:1509: UndefinedMetricWarning: Precision is ill-defined and being set to 0.0 due to no predicted samples. Use `zero_division` parameter to control this behavior.
  _warn_prf(average, modifier, f"{metric.capitalize()} is", len(result))
[I 2025-01-08 16:15:42,724] Trial 120 finished with value: 0.4610213243546577 and parameters: {'C': 0.11872730192890944, 'penalty': 'l1'}. Best is trial 94 with value: 0.6346560846560847.
/home/tom/miniconda3/envs/nnUNets/lib/python3.11/site-packages/sklearn/metrics/_classification.py:1509: UndefinedMetricWarning: Precision is ill-defined and being set to 0.0 due to no predicted samples. Use `zero_division` parameter to control this behavior.
  _warn_prf(average, modifier, f"{metric.capitalize()} is", len(result))
/home/tom/miniconda3/envs/nnUNets/lib/python3.11/site-packages/sklearn/metrics/_classification.py:1509: UndefinedMetricWarning: Precision is ill-defined and being set to 0.0 due to no predicted samples. Use `zero_division` parameter to control this behavior.
  _warn_prf(average, modifier, f"{metric.capitalize()} is", len(result))
/home/tom/miniconda3/envs/nnUNets/lib/python3.11/site-packages/sklearn/metrics/_classification.py:1509: UndefinedMetricWarning: Precision is ill-defined and being set to 0.0 due to no predicted samples. Use `zero_division` parameter to control this behavior.
  _warn_prf(average, modifier, f"{metric.capitalize()} is", len(result))
/home/tom/miniconda3/envs/nnUNets/lib/python3.11/site-packages/sklearn/metrics/_classification.py:1509: UndefinedMetricWarning: Precision is ill-defined and being set to 0.0 due to no predicted samples. Use `zero_division` parameter to control this behavior.
  _warn_prf(average, modifier, f"{metric.capitalize()} is", len(result))
[I 2025-01-08 16:15:42,835] Trial 121 finished with value: 0.3488953866146849 and parameters: {'C': 0.10698553319975836, 'penalty': 'l1'}. Best is trial 94 with value: 0.6346560846560847.
/home/tom/miniconda3/envs/nnUNets/lib/python3.11/site-packages/sklearn/metrics/_classification.py:1509: UndefinedMetricWarning: Precision is ill-defined and being set to 0.0 due to no predicted samples. Use `zero_division` parameter to control this behavior.
  _warn_prf(average, modifier, f"{metric.capitalize()} is", len(result))
/home/tom/miniconda3/envs/nnUNets/lib/python3.11/site-packages/sklearn/metrics/_classification.py:1509: UndefinedMetricWarning: Precision is ill-defined and being set to 0.0 due to no predicted samples. Use `zero_division` parameter to control this behavior.
  _warn_prf(average, modifier, f"{metric.capitalize()} is", len(result))
[I 2025-01-08 16:15:42,927] Trial 122 finished with value: 0.5188537263693185 and parameters: {'C': 0.6244420436573711, 'penalty': 'l1'}. Best is trial 94 with value: 0.6346560846560847.
/home/tom/miniconda3/envs/nnUNets/lib/python3.11/site-packages/sklearn/metrics/_classification.py:1509: UndefinedMetricWarning: Precision is ill-defined and being set to 0.0 due to no predicted samples. Use `zero_division` parameter to control this behavior.
  _warn_prf(average, modifier, f"{metric.capitalize()} is", len(result))
[I 2025-01-08 16:15:42,943] Trial 123 finished with value: 0.3588044184535413 and parameters: {'C': 0.10033397791486492, 'penalty': 'l1'}. Best is trial 94 with value: 0.6346560846560847.
/home/tom/miniconda3/envs/nnUNets/lib/python3.11/site-packages/sklearn/metrics/_classification.py:1509: UndefinedMetricWarning: Precision is ill-defined and being set to 0.0 due to no predicted samples. Use `zero_division` parameter to control this behavior.
  _warn_prf(average, modifier, f"{metric.capitalize()} is", len(result))
/home/tom/miniconda3/envs/nnUNets/lib/python3.11/site-packages/sklearn/metrics/_classification.py:1509: UndefinedMetricWarning: Precision is ill-defined and being set to 0.0 due to no predicted samples. Use `zero_division` parameter to control this behavior.
  _warn_prf(average, modifier, f"{metric.capitalize()} is", len(result))
/home/tom/miniconda3/envs/nnUNets/lib/python3.11/site-packages/sklearn/metrics/_classification.py:1509: UndefinedMetricWarning: Precision is ill-defined and being set to 0.0 due to no predicted samples. Use `zero_division` parameter to control this behavior.
  _warn_prf(average, modifier, f"{metric.capitalize()} is", len(result))
[I 2025-01-08 16:15:42,979] Trial 125 finished with value: 0.3588044184535413 and parameters: {'C': 0.10036985506810009, 'penalty': 'l1'}. Best is trial 94 with value: 0.6346560846560847.
[I 2025-01-08 16:15:42,981] Trial 124 finished with value: 0.5258575556614773 and parameters: {'C': 0.5487067940841803, 'penalty': 'l1'}. Best is trial 94 with value: 0.6346560846560847.
[I 2025-01-08 16:15:42,982] Trial 126 finished with value: 0.5188537263693185 and parameters: {'C': 0.6260977995009689, 'penalty': 'l1'}. Best is trial 94 with value: 0.6346560846560847.
/home/tom/miniconda3/envs/nnUNets/lib/python3.11/site-packages/sklearn/metrics/_classification.py:1509: UndefinedMetricWarning: Precision is ill-defined and being set to 0.0 due to no predicted samples. Use `zero_division` parameter to control this behavior.
  _warn_prf(average, modifier, f"{metric.capitalize()} is", len(result))
[I 2025-01-08 16:15:43,001] Trial 127 finished with value: 0.5193257670374376 and parameters: {'C': 0.6647047235734095, 'penalty': 'l1'}. Best is trial 94 with value: 0.6346560846560847.
/home/tom/miniconda3/envs/nnUNets/lib/python3.11/site-packages/sklearn/metrics/_classification.py:1509: UndefinedMetricWarning: Precision is ill-defined and being set to 0.0 due to no predicted samples. Use `zero_division` parameter to control this behavior.
  _warn_prf(average, modifier, f"{metric.capitalize()} is", len(result))
/home/tom/miniconda3/envs/nnUNets/lib/python3.11/site-packages/sklearn/metrics/_classification.py:1509: UndefinedMetricWarning: Precision is ill-defined and being set to 0.0 due to no predicted samples. Use `zero_division` parameter to control this behavior.
  _warn_prf(average, modifier, f"{metric.capitalize()} is", len(result))
/home/tom/miniconda3/envs/nnUNets/lib/python3.11/site-packages/sklearn/metrics/_classification.py:1509: UndefinedMetricWarning: Precision is ill-defined and being set to 0.0 due to no predicted samples. Use `zero_division` parameter to control this behavior.
  _warn_prf(average, modifier, f"{metric.capitalize()} is", len(result))
[I 2025-01-08 16:15:43,027] Trial 128 finished with value: 0.25 and parameters: {'C': 0.086695497322156, 'penalty': 'l1'}. Best is trial 94 with value: 0.6346560846560847.
[I 2025-01-08 16:15:43,157] Trial 129 finished with value: 0.5739329805996471 and parameters: {'C': 0.14700717697548216, 'penalty': 'l1'}. Best is trial 94 with value: 0.6346560846560847.
[I 2025-01-08 16:15:43,223] Trial 130 finished with value: 0.5787011100736591 and parameters: {'C': 0.16253183637786747, 'penalty': 'l1'}. Best is trial 94 with value: 0.6346560846560847.
[I 2025-01-08 16:15:43,243] Trial 133 finished with value: 0.574779541446208 and parameters: {'C': 0.1549969332373554, 'penalty': 'l1'}. Best is trial 94 with value: 0.6346560846560847.
[I 2025-01-08 16:15:43,267] Trial 131 finished with value: 0.5735449735449735 and parameters: {'C': 0.150994472350779, 'penalty': 'l1'}. Best is trial 94 with value: 0.6346560846560847.
[I 2025-01-08 16:15:43,281] Trial 132 finished with value: 0.5787011100736591 and parameters: {'C': 0.16110271860569605, 'penalty': 'l1'}. Best is trial 94 with value: 0.6346560846560847.
[I 2025-01-08 16:15:43,291] Trial 134 finished with value: 0.574779541446208 and parameters: {'C': 0.15501069423937686, 'penalty': 'l1'}. Best is trial 94 with value: 0.6346560846560847.
[I 2025-01-08 16:15:43,304] Trial 135 finished with value: 0.5787011100736591 and parameters: {'C': 0.16235521457244903, 'penalty': 'l1'}. Best is trial 94 with value: 0.6346560846560847.
[I 2025-01-08 16:15:43,328] Trial 136 finished with value: 0.5993284493284493 and parameters: {'C': 0.2869928952814469, 'penalty': 'l1'}. Best is trial 94 with value: 0.6346560846560847.
[I 2025-01-08 16:15:43,458] Trial 137 finished with value: 0.6005630172296839 and parameters: {'C': 0.2841673173177231, 'penalty': 'l1'}. Best is trial 94 with value: 0.6346560846560847.
[I 2025-01-08 16:15:43,515] Trial 138 finished with value: 0.6014077215831601 and parameters: {'C': 0.2572602658208154, 'penalty': 'l1'}. Best is trial 94 with value: 0.6346560846560847.
[I 2025-01-08 16:15:43,556] Trial 139 finished with value: 0.603032153032153 and parameters: {'C': 0.26866146672149877, 'penalty': 'l1'}. Best is trial 94 with value: 0.6346560846560847.
[I 2025-01-08 16:15:43,584] Trial 142 finished with value: 0.612700386797394 and parameters: {'C': 0.24141885748493888, 'penalty': 'l1'}. Best is trial 94 with value: 0.6346560846560847.
[I 2025-01-08 16:15:43,586] Trial 141 finished with value: 0.6001731536819257 and parameters: {'C': 0.2607272142413646, 'penalty': 'l1'}. Best is trial 94 with value: 0.6346560846560847.
[I 2025-01-08 16:15:43,602] Trial 140 finished with value: 0.6001731536819257 and parameters: {'C': 0.2581060620956716, 'penalty': 'l1'}. Best is trial 94 with value: 0.6346560846560847.
[I 2025-01-08 16:15:43,618] Trial 143 finished with value: 0.6102312509949249 and parameters: {'C': 0.2448395940980333, 'penalty': 'l1'}. Best is trial 94 with value: 0.6346560846560847.
[I 2025-01-08 16:15:43,636] Trial 144 finished with value: 0.6102312509949249 and parameters: {'C': 0.2434347558020085, 'penalty': 'l1'}. Best is trial 94 with value: 0.6346560846560847.
/home/tom/miniconda3/envs/nnUNets/lib/python3.11/site-packages/sklearn/metrics/_classification.py:1509: UndefinedMetricWarning: Precision is ill-defined and being set to 0.0 due to no predicted samples. Use `zero_division` parameter to control this behavior.
  _warn_prf(average, modifier, f"{metric.capitalize()} is", len(result))
[I 2025-01-08 16:15:43,778] Trial 145 finished with value: 0.5465895053614351 and parameters: {'C': 0.4578815550519386, 'penalty': 'l1'}. Best is trial 94 with value: 0.6346560846560847.
/home/tom/miniconda3/envs/nnUNets/lib/python3.11/site-packages/sklearn/metrics/_classification.py:1509: UndefinedMetricWarning: Precision is ill-defined and being set to 0.0 due to no predicted samples. Use `zero_division` parameter to control this behavior.
  _warn_prf(average, modifier, f"{metric.capitalize()} is", len(result))
[I 2025-01-08 16:15:43,818] Trial 146 finished with value: 0.5564660485713118 and parameters: {'C': 0.39407410382276437, 'penalty': 'l1'}. Best is trial 94 with value: 0.6346560846560847.
/home/tom/miniconda3/envs/nnUNets/lib/python3.11/site-packages/sklearn/metrics/_classification.py:1509: UndefinedMetricWarning: Precision is ill-defined and being set to 0.0 due to no predicted samples. Use `zero_division` parameter to control this behavior.
  _warn_prf(average, modifier, f"{metric.capitalize()} is", len(result))
[I 2025-01-08 16:15:43,850] Trial 148 finished with value: 0.5373348873348873 and parameters: {'C': 0.4709154539514761, 'penalty': 'l1'}. Best is trial 94 with value: 0.6346560846560847.
