[I 2025-01-08 16:16:46,079] Trial 93 finished with value: 0.5450970017636685 and parameters: {'n_estimators': 195, 'max_depth': 6, 'min_samples_split': 11}. Best is trial 97 with value: 0.6353034421145877.
[I 2025-01-08 16:16:46,142] Trial 95 finished with value: 0.6112983312983313 and parameters: {'n_estimators': 171, 'max_depth': 2, 'min_samples_split': 2}. Best is trial 97 with value: 0.6353034421145877.
[I 2025-01-08 16:16:46,310] Trial 98 finished with value: 0.5532793262617823 and parameters: {'n_estimators': 168, 'max_depth': 12, 'min_samples_split': 11}. Best is trial 97 with value: 0.6353034421145877.
[I 2025-01-08 16:16:46,863] Trial 101 finished with value: 0.5635130636942232 and parameters: {'n_estimators': 92, 'max_depth': 8, 'min_samples_split': 13}. Best is trial 97 with value: 0.6353034421145877.
[I 2025-01-08 16:16:47,653] Trial 99 finished with value: 0.5799811372360393 and parameters: {'n_estimators': 195, 'max_depth': 11, 'min_samples_split': 11}. Best is trial 97 with value: 0.6353034421145877.
[I 2025-01-08 16:16:48,579] Trial 102 finished with value: 0.5701039636127356 and parameters: {'n_estimators': 87, 'max_depth': 2, 'min_samples_split': 13}. Best is trial 97 with value: 0.6353034421145877.
[I 2025-01-08 16:16:49,219] Trial 104 finished with value: 0.5768980604687519 and parameters: {'n_estimators': 94, 'max_depth': 2, 'min_samples_split': 2}. Best is trial 97 with value: 0.6353034421145877.
[I 2025-01-08 16:16:49,369] Trial 108 finished with value: 0.5608727205218433 and parameters: {'n_estimators': 60, 'max_depth': 4, 'min_samples_split': 2}. Best is trial 97 with value: 0.6353034421145877.
[I 2025-01-08 16:16:49,372] Trial 103 finished with value: 0.5862289562289562 and parameters: {'n_estimators': 88, 'max_depth': 2, 'min_samples_split': 12}. Best is trial 97 with value: 0.6353034421145877.
[I 2025-01-08 16:16:49,630] Trial 107 finished with value: 0.5607321847291336 and parameters: {'n_estimators': 93, 'max_depth': 8, 'min_samples_split': 2}. Best is trial 97 with value: 0.6353034421145877.
[I 2025-01-08 16:16:49,650] Trial 105 finished with value: 0.5941225749559083 and parameters: {'n_estimators': 92, 'max_depth': 2, 'min_samples_split': 2}. Best is trial 97 with value: 0.6353034421145877.
[I 2025-01-08 16:16:49,677] Trial 109 finished with value: 0.5931684218964921 and parameters: {'n_estimators': 56, 'max_depth': 4, 'min_samples_split': 2}. Best is trial 97 with value: 0.6353034421145877.
[I 2025-01-08 16:16:52,153] Trial 115 finished with value: 0.5326320157692706 and parameters: {'n_estimators': 66, 'max_depth': 7, 'min_samples_split': 3}. Best is trial 97 with value: 0.6353034421145877.
[I 2025-01-08 16:16:52,222] Trial 116 finished with value: 0.5891929467161666 and parameters: {'n_estimators': 70, 'max_depth': 7, 'min_samples_split': 3}. Best is trial 97 with value: 0.6353034421145877.
[I 2025-01-08 16:16:52,865] Trial 111 finished with value: 0.5811162983712003 and parameters: {'n_estimators': 110, 'max_depth': 7, 'min_samples_split': 3}. Best is trial 97 with value: 0.6353034421145877.
[I 2025-01-08 16:16:53,237] Trial 112 finished with value: 0.592996071214315 and parameters: {'n_estimators': 109, 'max_depth': 7, 'min_samples_split': 3}. Best is trial 97 with value: 0.6353034421145877.
[I 2025-01-08 16:16:53,463] Trial 114 finished with value: 0.5480967543712643 and parameters: {'n_estimators': 106, 'max_depth': 7, 'min_samples_split': 3}. Best is trial 97 with value: 0.6353034421145877.
[I 2025-01-08 16:16:54,362] Trial 106 finished with value: 0.5776236484932138 and parameters: {'n_estimators': 221, 'max_depth': 2, 'min_samples_split': 13}. Best is trial 97 with value: 0.6353034421145877.
[I 2025-01-08 16:16:56,200] Trial 118 finished with value: 0.5808497675164341 and parameters: {'n_estimators': 113, 'max_depth': 3, 'min_samples_split': 3}. Best is trial 97 with value: 0.6353034421145877.
[I 2025-01-08 16:16:56,251] Trial 117 finished with value: 0.576931216931217 and parameters: {'n_estimators': 109, 'max_depth': 3, 'min_samples_split': 3}. Best is trial 97 with value: 0.6353034421145877.
[I 2025-01-08 16:16:56,327] Trial 113 finished with value: 0.5824274490941157 and parameters: {'n_estimators': 220, 'max_depth': 7, 'min_samples_split': 3}. Best is trial 97 with value: 0.6353034421145877.
[I 2025-01-08 16:16:56,539] Trial 119 finished with value: 0.5668885911852664 and parameters: {'n_estimators': 106, 'max_depth': 3, 'min_samples_split': 8}. Best is trial 97 with value: 0.6353034421145877.
[I 2025-01-08 16:16:56,937] Trial 110 finished with value: 0.6081942748609415 and parameters: {'n_estimators': 221, 'max_depth': 2, 'min_samples_split': 2}. Best is trial 97 with value: 0.6353034421145877.
[I 2025-01-08 16:16:58,243] Trial 120 finished with value: 0.5531393298059966 and parameters: {'n_estimators': 143, 'max_depth': 3, 'min_samples_split': 2}. Best is trial 97 with value: 0.6353034421145877.
[I 2025-01-08 16:16:58,287] Trial 125 finished with value: 0.5938323015515998 and parameters: {'n_estimators': 46, 'max_depth': 21, 'min_samples_split': 2}. Best is trial 97 with value: 0.6353034421145877.
[I 2025-01-08 16:16:58,358] Trial 123 finished with value: 0.6186958136080943 and parameters: {'n_estimators': 53, 'max_depth': 15, 'min_samples_split': 2}. Best is trial 97 with value: 0.6353034421145877.
[I 2025-01-08 16:16:58,506] Trial 126 finished with value: 0.5490103415103416 and parameters: {'n_estimators': 49, 'max_depth': 21, 'min_samples_split': 2}. Best is trial 97 with value: 0.6353034421145877.
[I 2025-01-08 16:16:59,220] Trial 122 finished with value: 0.5410345034700039 and parameters: {'n_estimators': 138, 'max_depth': 3, 'min_samples_split': 8}. Best is trial 97 with value: 0.6353034421145877.
[I 2025-01-08 16:17:00,382] Trial 128 finished with value: 0.5403042328042329 and parameters: {'n_estimators': 54, 'max_depth': 17, 'min_samples_split': 4}. Best is trial 97 with value: 0.6353034421145877.
[I 2025-01-08 16:17:00,468] Trial 129 finished with value: 0.578466440966441 and parameters: {'n_estimators': 55, 'max_depth': 15, 'min_samples_split': 4}. Best is trial 97 with value: 0.6353034421145877.
[I 2025-01-08 16:17:00,705] Trial 130 finished with value: 0.570392156862745 and parameters: {'n_estimators': 54, 'max_depth': 4, 'min_samples_split': 4}. Best is trial 97 with value: 0.6353034421145877.
[I 2025-01-08 16:17:00,782] Trial 121 finished with value: 0.5718506257721945 and parameters: {'n_estimators': 223, 'max_depth': 4, 'min_samples_split': 2}. Best is trial 97 with value: 0.6353034421145877.
[I 2025-01-08 16:17:00,893] Trial 131 finished with value: 0.6003860028860029 and parameters: {'n_estimators': 56, 'max_depth': 19, 'min_samples_split': 4}. Best is trial 97 with value: 0.6353034421145877.
[I 2025-01-08 16:17:01,058] Trial 124 finished with value: 0.553838229957941 and parameters: {'n_estimators': 138, 'max_depth': 17, 'min_samples_split': 2}. Best is trial 97 with value: 0.6353034421145877.
