[I 2025-01-08 16:15:43,855] Trial 147 finished with value: 0.5515277769663736 and parameters: {'C': 0.42459377133389037, 'penalty': 'l1'}. Best is trial 94 with value: 0.6346560846560847.
/home/tom/miniconda3/envs/nnUNets/lib/python3.11/site-packages/sklearn/metrics/_classification.py:1509: UndefinedMetricWarning: Precision is ill-defined and being set to 0.0 due to no predicted samples. Use `zero_division` parameter to control this behavior.
  _warn_prf(average, modifier, f"{metric.capitalize()} is", len(result))
/home/tom/miniconda3/envs/nnUNets/lib/python3.11/site-packages/sklearn/metrics/_classification.py:1509: UndefinedMetricWarning: Precision is ill-defined and being set to 0.0 due to no predicted samples. Use `zero_division` parameter to control this behavior.
  _warn_prf(average, modifier, f"{metric.capitalize()} is", len(result))
/home/tom/miniconda3/envs/nnUNets/lib/python3.11/site-packages/sklearn/metrics/_classification.py:1509: UndefinedMetricWarning: Precision is ill-defined and being set to 0.0 due to no predicted samples. Use `zero_division` parameter to control this behavior.
  _warn_prf(average, modifier, f"{metric.capitalize()} is", len(result))
[I 2025-01-08 16:15:43,889] Trial 149 finished with value: 0.25 and parameters: {'C': 0.07270807393117681, 'penalty': 'l1'}. Best is trial 94 with value: 0.6346560846560847.
[I 2025-01-08 16:15:43,896] Trial 150 finished with value: 0.5348657515324182 and parameters: {'C': 0.48472993404531206, 'penalty': 'l1'}. Best is trial 94 with value: 0.6346560846560847.
/home/tom/miniconda3/envs/nnUNets/lib/python3.11/site-packages/sklearn/metrics/_classification.py:1509: UndefinedMetricWarning: Precision is ill-defined and being set to 0.0 due to no predicted samples. Use `zero_division` parameter to control this behavior.
  _warn_prf(average, modifier, f"{metric.capitalize()} is", len(result))
[I 2025-01-08 16:15:43,915] Trial 151 finished with value: 0.5465895053614351 and parameters: {'C': 0.45086840453526456, 'penalty': 'l1'}. Best is trial 94 with value: 0.6346560846560847.
/home/tom/miniconda3/envs/nnUNets/lib/python3.11/site-packages/sklearn/metrics/_classification.py:1509: UndefinedMetricWarning: Precision is ill-defined and being set to 0.0 due to no predicted samples. Use `zero_division` parameter to control this behavior.
  _warn_prf(average, modifier, f"{metric.capitalize()} is", len(result))
/home/tom/miniconda3/envs/nnUNets/lib/python3.11/site-packages/sklearn/metrics/_classification.py:1509: UndefinedMetricWarning: Precision is ill-defined and being set to 0.0 due to no predicted samples. Use `zero_division` parameter to control this behavior.
  _warn_prf(average, modifier, f"{metric.capitalize()} is", len(result))
[I 2025-01-08 16:15:43,936] Trial 152 finished with value: 0.25 and parameters: {'C': 0.07630025060348782, 'penalty': 'l1'}. Best is trial 94 with value: 0.6346560846560847.
[I 2025-01-08 16:15:44,071] Trial 153 finished with value: 0.49247916334872854 and parameters: {'C': 0.9521113770359838, 'penalty': 'l1'}. Best is trial 94 with value: 0.6346560846560847.
[I 2025-01-08 16:15:44,095] Trial 154 finished with value: 0.6236670736670737 and parameters: {'C': 0.20921583264084334, 'penalty': 'l1'}. Best is trial 94 with value: 0.6346560846560847.
[I 2025-01-08 16:15:44,119] Trial 155 finished with value: 0.4986325096775135 and parameters: {'C': 0.8648805523017276, 'penalty': 'l1'}. Best is trial 94 with value: 0.6346560846560847.
[I 2025-01-08 16:15:44,134] Trial 156 finished with value: 0.6139918904624788 and parameters: {'C': 0.1921218653357006, 'penalty': 'l1'}. Best is trial 94 with value: 0.6346560846560847.
[I 2025-01-08 16:15:44,167] Trial 158 finished with value: 0.6236670736670737 and parameters: {'C': 0.2074928908564492, 'penalty': 'l1'}. Best is trial 94 with value: 0.6346560846560847.
[I 2025-01-08 16:15:44,171] Trial 157 finished with value: 0.6207258971964855 and parameters: {'C': 0.2064087112582269, 'penalty': 'l1'}. Best is trial 94 with value: 0.6346560846560847.
[I 2025-01-08 16:15:44,205] Trial 159 finished with value: 0.6115227546600096 and parameters: {'C': 0.18772046180306926, 'penalty': 'l1'}. Best is trial 94 with value: 0.6346560846560847.
[I 2025-01-08 16:15:44,219] Trial 160 finished with value: 0.6152264583637133 and parameters: {'C': 0.1957718255903032, 'penalty': 'l1'}. Best is trial 94 with value: 0.6346560846560847.
/home/tom/miniconda3/envs/nnUNets/lib/python3.11/site-packages/sklearn/metrics/_classification.py:1509: UndefinedMetricWarning: Precision is ill-defined and being set to 0.0 due to no predicted samples. Use `zero_division` parameter to control this behavior.
  _warn_prf(average, modifier, f"{metric.capitalize()} is", len(result))
/home/tom/miniconda3/envs/nnUNets/lib/python3.11/site-packages/sklearn/metrics/_classification.py:1509: UndefinedMetricWarning: Precision is ill-defined and being set to 0.0 due to no predicted samples. Use `zero_division` parameter to control this behavior.
  _warn_prf(average, modifier, f"{metric.capitalize()} is", len(result))
/home/tom/miniconda3/envs/nnUNets/lib/python3.11/site-packages/sklearn/metrics/_classification.py:1509: UndefinedMetricWarning: Precision is ill-defined and being set to 0.0 due to no predicted samples. Use `zero_division` parameter to control this behavior.
  _warn_prf(average, modifier, f"{metric.capitalize()} is", len(result))
/home/tom/miniconda3/envs/nnUNets/lib/python3.11/site-packages/sklearn/metrics/_classification.py:1509: UndefinedMetricWarning: Precision is ill-defined and being set to 0.0 due to no predicted samples. Use `zero_division` parameter to control this behavior.
  _warn_prf(average, modifier, f"{metric.capitalize()} is", len(result))
[I 2025-01-08 16:15:44,390] Trial 161 finished with value: 0.43000649772579597 and parameters: {'C': 0.112659330756636, 'penalty': 'l1'}. Best is trial 94 with value: 0.6346560846560847.
/home/tom/miniconda3/envs/nnUNets/lib/python3.11/site-packages/sklearn/metrics/_classification.py:1509: UndefinedMetricWarning: Precision is ill-defined and being set to 0.0 due to no predicted samples. Use `zero_division` parameter to control this behavior.
  _warn_prf(average, modifier, f"{metric.capitalize()} is", len(result))
[I 2025-01-08 16:15:44,407] Trial 162 finished with value: 0.5817283950617284 and parameters: {'C': 0.13213985077643906, 'penalty': 'l1'}. Best is trial 94 with value: 0.6346560846560847.
/home/tom/miniconda3/envs/nnUNets/lib/python3.11/site-packages/sklearn/metrics/_classification.py:1509: UndefinedMetricWarning: Precision is ill-defined and being set to 0.0 due to no predicted samples. Use `zero_division` parameter to control this behavior.
  _warn_prf(average, modifier, f"{metric.capitalize()} is", len(result))
[I 2025-01-08 16:15:44,415] Trial 164 finished with value: 0.3588044184535413 and parameters: {'C': 0.0997789052966923, 'penalty': 'l1'}. Best is trial 94 with value: 0.6346560846560847.
/home/tom/miniconda3/envs/nnUNets/lib/python3.11/site-packages/sklearn/metrics/_classification.py:1509: UndefinedMetricWarning: Precision is ill-defined and being set to 0.0 due to no predicted samples. Use `zero_division` parameter to control this behavior.
  _warn_prf(average, modifier, f"{metric.capitalize()} is", len(result))
[I 2025-01-08 16:15:44,434] Trial 163 finished with value: 0.4312410656270305 and parameters: {'C': 0.11343479736157999, 'penalty': 'l1'}. Best is trial 94 with value: 0.6346560846560847.
/home/tom/miniconda3/envs/nnUNets/lib/python3.11/site-packages/sklearn/metrics/_classification.py:1509: UndefinedMetricWarning: Precision is ill-defined and being set to 0.0 due to no predicted samples. Use `zero_division` parameter to control this behavior.
  _warn_prf(average, modifier, f"{metric.capitalize()} is", len(result))
[I 2025-01-08 16:15:44,445] Trial 165 finished with value: 0.4610213243546577 and parameters: {'C': 0.11430742240584267, 'penalty': 'l1'}. Best is trial 94 with value: 0.6346560846560847.
/home/tom/miniconda3/envs/nnUNets/lib/python3.11/site-packages/sklearn/metrics/_classification.py:1509: UndefinedMetricWarning: Precision is ill-defined and being set to 0.0 due to no predicted samples. Use `zero_division` parameter to control this behavior.
  _warn_prf(average, modifier, f"{metric.capitalize()} is", len(result))
[I 2025-01-08 16:15:44,473] Trial 166 finished with value: 0.4854320987654321 and parameters: {'C': 0.12504830227985403, 'penalty': 'l1'}. Best is trial 94 with value: 0.6346560846560847.
/home/tom/miniconda3/envs/nnUNets/lib/python3.11/site-packages/sklearn/metrics/_classification.py:1509: UndefinedMetricWarning: Precision is ill-defined and being set to 0.0 due to no predicted samples. Use `zero_division` parameter to control this behavior.
  _warn_prf(average, modifier, f"{metric.capitalize()} is", len(result))
[I 2025-01-08 16:15:44,498] Trial 168 finished with value: 0.4610213243546577 and parameters: {'C': 0.11697679092095027, 'penalty': 'l1'}. Best is trial 94 with value: 0.6346560846560847.
/home/tom/miniconda3/envs/nnUNets/lib/python3.11/site-packages/sklearn/metrics/_classification.py:1509: UndefinedMetricWarning: Precision is ill-defined and being set to 0.0 due to no predicted samples. Use `zero_division` parameter to control this behavior.
  _warn_prf(average, modifier, f"{metric.capitalize()} is", len(result))
[I 2025-01-08 16:15:44,503] Trial 167 finished with value: 0.4610213243546577 and parameters: {'C': 0.11908727269328169, 'penalty': 'l1'}. Best is trial 94 with value: 0.6346560846560847.
/home/tom/miniconda3/envs/nnUNets/lib/python3.11/site-packages/sklearn/metrics/_classification.py:1509: UndefinedMetricWarning: Precision is ill-defined and being set to 0.0 due to no predicted samples. Use `zero_division` parameter to control this behavior.
  _warn_prf(average, modifier, f"{metric.capitalize()} is", len(result))
/home/tom/miniconda3/envs/nnUNets/lib/python3.11/site-packages/sklearn/metrics/_classification.py:1509: UndefinedMetricWarning: Precision is ill-defined and being set to 0.0 due to no predicted samples. Use `zero_division` parameter to control this behavior.
  _warn_prf(average, modifier, f"{metric.capitalize()} is", len(result))
[I 2025-01-08 16:15:44,667] Trial 169 finished with value: 0.5546669380002713 and parameters: {'C': 0.33668591629727185, 'penalty': 'l1'}. Best is trial 94 with value: 0.6346560846560847.
/home/tom/miniconda3/envs/nnUNets/lib/python3.11/site-packages/sklearn/metrics/_classification.py:1509: UndefinedMetricWarning: Precision is ill-defined and being set to 0.0 due to no predicted samples. Use `zero_division` parameter to control this behavior.
  _warn_prf(average, modifier, f"{metric.capitalize()} is", len(result))
[I 2025-01-08 16:15:44,705] Trial 171 finished with value: 0.5741622574955909 and parameters: {'C': 0.3110526156574876, 'penalty': 'l1'}. Best is trial 94 with value: 0.6346560846560847.
/home/tom/miniconda3/envs/nnUNets/lib/python3.11/site-packages/sklearn/metrics/_classification.py:1509: UndefinedMetricWarning: Precision is ill-defined and being set to 0.0 due to no predicted samples. Use `zero_division` parameter to control this behavior.
  _warn_prf(average, modifier, f"{metric.capitalize()} is", len(result))
[I 2025-01-08 16:15:44,722] Trial 172 finished with value: 0.6176955941661825 and parameters: {'C': 0.19887662569218617, 'penalty': 'l1'}. Best is trial 94 with value: 0.6346560846560847.
[I 2025-01-08 16:15:44,737] Trial 173 finished with value: 0.5741622574955909 and parameters: {'C': 0.3164893404640068, 'penalty': 'l1'}. Best is trial 94 with value: 0.6346560846560847.
/home/tom/miniconda3/envs/nnUNets/lib/python3.11/site-packages/sklearn/metrics/_classification.py:1509: UndefinedMetricWarning: Precision is ill-defined and being set to 0.0 due to no predicted samples. Use `zero_division` parameter to control this behavior.
  _warn_prf(average, modifier, f"{metric.capitalize()} is", len(result))
[I 2025-01-08 16:15:44,743] Trial 170 finished with value: 0.5577006164725463 and parameters: {'C': 0.36716904379357646, 'penalty': 'l1'}. Best is trial 94 with value: 0.6346560846560847.
/home/tom/miniconda3/envs/nnUNets/lib/python3.11/site-packages/sklearn/metrics/_classification.py:1509: UndefinedMetricWarning: Precision is ill-defined and being set to 0.0 due to no predicted samples. Use `zero_division` parameter to control this behavior.
  _warn_prf(average, modifier, f"{metric.capitalize()} is", len(result))
[I 2025-01-08 16:15:44,750] Trial 174 finished with value: 0.25 and parameters: {'C': 0.00023441790051188013, 'penalty': 'l1'}. Best is trial 94 with value: 0.6346560846560847.
/home/tom/miniconda3/envs/nnUNets/lib/python3.11/site-packages/sklearn/metrics/_classification.py:1509: UndefinedMetricWarning: Precision is ill-defined and being set to 0.0 due to no predicted samples. Use `zero_division` parameter to control this behavior.
  _warn_prf(average, modifier, f"{metric.capitalize()} is", len(result))
/home/tom/miniconda3/envs/nnUNets/lib/python3.11/site-packages/sklearn/metrics/_classification.py:1509: UndefinedMetricWarning: Precision is ill-defined and being set to 0.0 due to no predicted samples. Use `zero_division` parameter to control this behavior.
  _warn_prf(average, modifier, f"{metric.capitalize()} is", len(result))
/home/tom/miniconda3/envs/nnUNets/lib/python3.11/site-packages/sklearn/metrics/_classification.py:1509: UndefinedMetricWarning: Precision is ill-defined and being set to 0.0 due to no predicted samples. Use `zero_division` parameter to control this behavior.
  _warn_prf(average, modifier, f"{metric.capitalize()} is", len(result))
[I 2025-01-08 16:15:44,786] Trial 175 finished with value: 0.5741622574955909 and parameters: {'C': 0.32367991978666755, 'penalty': 'l1'}. Best is trial 94 with value: 0.6346560846560847.
/home/tom/miniconda3/envs/nnUNets/lib/python3.11/site-packages/sklearn/metrics/_classification.py:1509: UndefinedMetricWarning: Precision is ill-defined and being set to 0.0 due to no predicted samples. Use `zero_division` parameter to control this behavior.
  _warn_prf(average, modifier, f"{metric.capitalize()} is", len(result))
[I 2025-01-08 16:15:44,789] Trial 176 finished with value: 0.25 and parameters: {'C': 0.0003077538142594564, 'penalty': 'l1'}. Best is trial 94 with value: 0.6346560846560847.
[I 2025-01-08 16:15:44,963] Trial 178 finished with value: 0.610288186758775 and parameters: {'C': 0.18022988540757148, 'penalty': 'l1'}. Best is trial 94 with value: 0.6346560846560847.
[I 2025-01-08 16:15:44,963] Trial 177 finished with value: 0.6152264583637133 and parameters: {'C': 0.19428455417917118, 'penalty': 'l1'}. Best is trial 94 with value: 0.6346560846560847.
/home/tom/miniconda3/envs/nnUNets/lib/python3.11/site-packages/sklearn/metrics/_classification.py:1509: UndefinedMetricWarning: Precision is ill-defined and being set to 0.0 due to no predicted samples. Use `zero_division` parameter to control this behavior.
  _warn_prf(average, modifier, f"{metric.capitalize()} is", len(result))
[I 2025-01-08 16:15:45,022] Trial 180 finished with value: 0.6207258971964855 and parameters: {'C': 0.20404543687878335, 'penalty': 'l1'}. Best is trial 94 with value: 0.6346560846560847.
[I 2025-01-08 16:15:45,030] Trial 179 finished with value: 0.6152264583637133 and parameters: {'C': 0.19599529681997907, 'penalty': 'l1'}. Best is trial 94 with value: 0.6346560846560847.
/home/tom/miniconda3/envs/nnUNets/lib/python3.11/site-packages/sklearn/metrics/_classification.py:1509: UndefinedMetricWarning: Precision is ill-defined and being set to 0.0 due to no predicted samples. Use `zero_division` parameter to control this behavior.
  _warn_prf(average, modifier, f"{metric.capitalize()} is", len(result))
[I 2025-01-08 16:15:45,037] Trial 182 finished with value: 0.6152264583637133 and parameters: {'C': 0.19537873910524348, 'penalty': 'l1'}. Best is trial 94 with value: 0.6346560846560847.
[I 2025-01-08 16:15:45,041] Trial 181 finished with value: 0.6207258971964855 and parameters: {'C': 0.20196871899508612, 'penalty': 'l1'}. Best is trial 94 with value: 0.6346560846560847.
/home/tom/miniconda3/envs/nnUNets/lib/python3.11/site-packages/sklearn/metrics/_classification.py:1509: UndefinedMetricWarning: Precision is ill-defined and being set to 0.0 due to no predicted samples. Use `zero_division` parameter to control this behavior.
  _warn_prf(average, modifier, f"{metric.capitalize()} is", len(result))
/home/tom/miniconda3/envs/nnUNets/lib/python3.11/site-packages/sklearn/metrics/_classification.py:1509: UndefinedMetricWarning: Precision is ill-defined and being set to 0.0 due to no predicted samples. Use `zero_division` parameter to control this behavior.
  _warn_prf(average, modifier, f"{metric.capitalize()} is", len(result))
/home/tom/miniconda3/envs/nnUNets/lib/python3.11/site-packages/sklearn/metrics/_classification.py:1509: UndefinedMetricWarning: Precision is ill-defined and being set to 0.0 due to no predicted samples. Use `zero_division` parameter to control this behavior.
  _warn_prf(average, modifier, f"{metric.capitalize()} is", len(result))
[I 2025-01-08 16:15:45,072] Trial 184 finished with value: 0.25 and parameters: {'C': 0.08040700049707827, 'penalty': 'l1'}. Best is trial 94 with value: 0.6346560846560847.
[I 2025-01-08 16:15:45,090] Trial 183 finished with value: 0.6152264583637133 and parameters: {'C': 0.19683264525859873, 'penalty': 'l1'}. Best is trial 94 with value: 0.6346560846560847.
/home/tom/miniconda3/envs/nnUNets/lib/python3.11/site-packages/sklearn/metrics/_classification.py:1509: UndefinedMetricWarning: Precision is ill-defined and being set to 0.0 due to no predicted samples. Use `zero_division` parameter to control this behavior.
  _warn_prf(average, modifier, f"{metric.capitalize()} is", len(result))
/home/tom/miniconda3/envs/nnUNets/lib/python3.11/site-packages/sklearn/metrics/_classification.py:1509: UndefinedMetricWarning: Precision is ill-defined and being set to 0.0 due to no predicted samples. Use `zero_division` parameter to control this behavior.
  _warn_prf(average, modifier, f"{metric.capitalize()} is", len(result))
/home/tom/miniconda3/envs/nnUNets/lib/python3.11/site-packages/sklearn/metrics/_classification.py:1509: UndefinedMetricWarning: Precision is ill-defined and being set to 0.0 due to no predicted samples. Use `zero_division` parameter to control this behavior.
  _warn_prf(average, modifier, f"{metric.capitalize()} is", len(result))
[I 2025-01-08 16:15:45,228] Trial 185 finished with value: 0.5811626644959978 and parameters: {'C': 0.30028672192225003, 'penalty': 'l1'}. Best is trial 94 with value: 0.6346560846560847.
[I 2025-01-08 16:15:45,248] Trial 186 finished with value: 0.6262976464730852 and parameters: {'C': 0.22097626403658188, 'penalty': 'l1'}. Best is trial 94 with value: 0.6346560846560847.
/home/tom/miniconda3/envs/nnUNets/lib/python3.11/site-packages/sklearn/metrics/_classification.py:1509: UndefinedMetricWarning: Precision is ill-defined and being set to 0.0 due to no predicted samples. Use `zero_division` parameter to control this behavior.
  _warn_prf(average, modifier, f"{metric.capitalize()} is", len(result))
/home/tom/miniconda3/envs/nnUNets/lib/python3.11/site-packages/sklearn/metrics/_classification.py:1509: UndefinedMetricWarning: Precision is ill-defined and being set to 0.0 due to no predicted samples. Use `zero_division` parameter to control this behavior.
  _warn_prf(average, modifier, f"{metric.capitalize()} is", len(result))
[I 2025-01-08 16:15:45,285] Trial 187 finished with value: 0.25 and parameters: {'C': 2.797491611187459e-05, 'penalty': 'l1'}. Best is trial 94 with value: 0.6346560846560847.
/home/tom/miniconda3/envs/nnUNets/lib/python3.11/site-packages/sklearn/metrics/_classification.py:1509: UndefinedMetricWarning: Precision is ill-defined and being set to 0.0 due to no predicted samples. Use `zero_division` parameter to control this behavior.
  _warn_prf(average, modifier, f"{metric.capitalize()} is", len(result))
/home/tom/miniconda3/envs/nnUNets/lib/python3.11/site-packages/sklearn/metrics/_classification.py:1509: UndefinedMetricWarning: Precision is ill-defined and being set to 0.0 due to no predicted samples. Use `zero_division` parameter to control this behavior.
  _warn_prf(average, modifier, f"{metric.capitalize()} is", len(result))
[I 2025-01-08 16:15:45,325] Trial 189 finished with value: 0.594390177723511 and parameters: {'C': 0.29316202274033754, 'penalty': 'l1'}. Best is trial 94 with value: 0.6346560846560847.
[I 2025-01-08 16:15:45,344] Trial 190 finished with value: 0.5778659611992946 and parameters: {'C': 0.30161475423343254, 'penalty': 'l1'}. Best is trial 94 with value: 0.6346560846560847.
/home/tom/miniconda3/envs/nnUNets/lib/python3.11/site-packages/sklearn/metrics/_classification.py:1509: UndefinedMetricWarning: Precision is ill-defined and being set to 0.0 due to no predicted samples. Use `zero_division` parameter to control this behavior.
  _warn_prf(average, modifier, f"{metric.capitalize()} is", len(result))
[I 2025-01-08 16:15:45,349] Trial 188 finished with value: 0.5847781847781848 and parameters: {'C': 0.2975170175893305, 'penalty': 'l1'}. Best is trial 94 with value: 0.6346560846560847.
/home/tom/miniconda3/envs/nnUNets/lib/python3.11/site-packages/sklearn/metrics/_classification.py:1509: UndefinedMetricWarning: Precision is ill-defined and being set to 0.0 due to no predicted samples. Use `zero_division` parameter to control this behavior.
  _warn_prf(average, modifier, f"{metric.capitalize()} is", len(result))
